#
# A fatal error has been detected by the Java Runtime Environment:
#
#  EXCEPTION_ACCESS_VIOLATION (0xc0000005) at pc=0x00007ffbdf4fb5c6, pid=11332, tid=4860
#
# JRE version: OpenJDK Runtime Environment Temurin-21.0.4+7 (21.0.4+7) (build 21.0.4+7-LTS)
# Java VM: OpenJDK 64-Bit Server VM Temurin-21.0.4+7 (21.0.4+7-LTS, mixed mode, sharing, tiered, compressed oops, compressed class ptrs, g1 gc, windows-amd64)
# Problematic frame:
# C  [awt.dll+0xdb5c6]
#
# No core dump will be written. Minidumps are not enabled by default on client versions of Windows
#
# If you would like to submit a bug report, please visit:
#   https://github.com/adoptium/adoptium-support/issues
# The crash happened outside the Java Virtual Machine in native code.
# See problematic frame for where to report the bug.
#

---------------  S U M M A R Y ------------

Command Line: -XX:MaxGCPauseMillis=50 -agentlib:jdwp=transport=dt_shmem,address=javadebug -Dfile.encoding=UTF-8 bluej.runtime.ExecServer UTF-8

Host: Intel(R) Core(TM) i5-8365U CPU @ 1.60GHz, 8 cores, 23G,  Windows 11 , 64 bit Build 26100 (10.0.26100.7309)
Time: Wed Jan  7 13:50:13 2026 Eastern Standard Time elapsed time: 923.176188 seconds (0d 0h 15m 23s)

---------------  T H R E A D  ---------------

Current thread (0x000001657d419f30):  JavaThread "AWT-EventQueue-0"        [_thread_in_native, id=4860, stack(0x00000057ac300000,0x00000057ac400000) (1024K)]

Stack: [0x00000057ac300000,0x00000057ac400000],  sp=0x00000057ac3fe9a0,  free space=1018k
Native frames: (J=compiled Java code, j=interpreted, Vv=VM code, C=native code)
C  [awt.dll+0xdb5c6]

Java frames: (J=compiled Java code, j=interpreted, Vv=VM code)
j  sun.awt.Win32GraphicsDevice.initNativeScale(I)V+0 java.desktop@21.0.4
j  sun.awt.Win32GraphicsDevice.initScaleFactors()V+60 java.desktop@21.0.4
j  sun.awt.Win32GraphicsDevice.displayChanged()V+16 java.desktop@21.0.4
j  sun.awt.Win32GraphicsEnvironment.displayChanged()V+271 java.desktop@21.0.4
j  sun.awt.windows.WToolkit.lambda$displayChanged$4()V+15 java.desktop@21.0.4
j  sun.awt.windows.WToolkit$$Lambda+0x00000165010b9e78.run()V+0 java.desktop@21.0.4
j  java.awt.event.InvocationEvent.dispatch()V+47 java.desktop@21.0.4
j  java.awt.EventQueue.dispatchEventImpl(Ljava/awt/AWTEvent;Ljava/lang/Object;)V+21 java.desktop@21.0.4
j  java.awt.EventQueue$4.run()Ljava/lang/Void;+32 java.desktop@21.0.4
j  java.awt.EventQueue$4.run()Ljava/lang/Object;+1 java.desktop@21.0.4
J 1049 c1 java.security.AccessController.executePrivileged(Ljava/security/PrivilegedAction;Ljava/security/AccessControlContext;Ljava/lang/Class;)Ljava/lang/Object; java.base@21.0.4 (65 bytes) @ 0x000001655efeb7d4 [0x000001655efeb660+0x0000000000000174]
j  java.security.AccessController.doPrivileged(Ljava/security/PrivilegedAction;Ljava/security/AccessControlContext;)Ljava/lang/Object;+13 java.base@21.0.4
j  java.security.ProtectionDomain$JavaSecurityAccessImpl.doIntersectionPrivilege(Ljava/security/PrivilegedAction;Ljava/security/AccessControlContext;Ljava/security/AccessControlContext;)Ljava/lang/Object;+18 java.base@21.0.4
j  java.awt.EventQueue.dispatchEvent(Ljava/awt/AWTEvent;)V+46 java.desktop@21.0.4
j  java.awt.EventDispatchThread.pumpOneEventForFilters(I)V+81 java.desktop@21.0.4
j  java.awt.EventDispatchThread.pumpEventsForFilter(ILjava/awt/Conditional;Ljava/awt/EventFilter;)V+35 java.desktop@21.0.4
j  java.awt.EventDispatchThread.pumpEventsForHierarchy(ILjava/awt/Conditional;Ljava/awt/Component;)V+11 java.desktop@21.0.4
j  java.awt.EventDispatchThread.pumpEvents(ILjava/awt/Conditional;)V+4 java.desktop@21.0.4
j  java.awt.EventDispatchThread.pumpEvents(Ljava/awt/Conditional;)V+3 java.desktop@21.0.4
j  java.awt.EventDispatchThread.run()V+9 java.desktop@21.0.4
v  ~StubRoutines::call_stub 0x000001656636100d

siginfo: EXCEPTION_ACCESS_VIOLATION (0xc0000005), reading address 0xffffffffffffffff


Registers:
RAX=0x003b6b636f00495b, RBX=0x000001657d47ca20, RCX=0x003b6b636f00495b, RDX=0x0000000000000000
RSP=0x00000057ac3fe9a0, RBP=0x00000057ac3fea80, RSI=0x0000000685e5c8f8, RDI=0x0000000000000000
R8 =0x0000000000000001, R9 =0x00000057abebe000, R10=0x0000016566370787, R11=0x0000000000000100
R12=0x0000000000000000, R13=0x00000165793bb898, R14=0x00000057ac3feaa8, R15=0x000001657d419f30
RIP=0x00007ffbdf4fb5c6, EFLAGS=0x0000000000010206


Register to memory mapping:

RAX=0x003b6b636f00495b is an unknown value
RBX=0x000001657d47ca20 points into unknown readable memory: 0x000001657e22e410 | 10 e4 22 7e 65 01 00 00
RCX=0x003b6b636f00495b is an unknown value
RDX=0x0 is null
RSP=0x00000057ac3fe9a0 is pointing into the stack for thread: 0x000001657d419f30
RBP=0x00000057ac3fea80 is pointing into the stack for thread: 0x000001657d419f30
RSI=
[error occurred during error reporting (printing register info), id 0xc0000005, EXCEPTION_ACCESS_VIOLATION (0xc0000005) at pc=0x00007ffbdc37c2a1]
RDI=0x0 is null
R8 =0x0000000000000001 is an unknown value
R9 =0x00000057abebe000 points into unknown readable memory: 0x0000000000000000 | 00 00 00 00 00 00 00 00
R10=0x0000016566370787 is at code_begin+1927 in an Interpreter codelet
native method entry point (kind = native)  [0x0000016566370000, 0x0000016566371238]  4664 bytes
R11=0x0000000000000100 is an unknown value
R12=0x0 is null
R13={method} {0x00000165793bb8a0} 'initNativeScale' '(I)V' in 'sun/awt/Win32GraphicsDevice'
R14=0x00000057ac3feaa8 is pointing into the stack for thread: 0x000001657d419f30
R15=0x000001657d419f30 is a thread

Top of Stack: (sp=0x00000057ac3fe9a0)
0x00000057ac3fe9a0:   000001657d47ca20 0000016578856d00
0x00000057ac3fe9b0:   00000165799614b0 000001657d47ca20
0x00000057ac3fe9c0:   000001657d47ca20 00007ffbdf4fce02
0x00000057ac3fe9d0:   00007ffbdf55a848 00000165793bb898
0x00000057ac3fe9e0:   0000016578846ed0 000000000000000d
0x00000057ac3fe9f0:   00000165663696b9 00000165663707b6
0x00000057ac3fea00:   00000165793bb898 0000000685e5c8f8
0x00000057ac3fea10:   000001657d419f30 00000165663696b9
0x00000057ac3fea20:   0000000685e5c8f8 00007ffbdc9f0379
0x00000057ac3fea30:   00000057ac3feb70 00000057ac3fea38
0x00000057ac3fea40:   0000000000000000 0000000000000005
0x00000057ac3fea50:   00000165793be8d0 0000000000000000
0x00000057ac3fea60:   000000069afaa9c8 00000165793bb898
0x00000057ac3fea70:   0000000000000000 00000057ac3feaa0
0x00000057ac3fea80:   00000057ac3feaf8 00000165663691b4
0x00000057ac3fea90:   0000000000000000 000001656636c6f7
0x00000057ac3feaa0:   0000000000000000 000000069af984f8
0x00000057ac3feab0:   00000057ac3feab0 00000165793bbeec
0x00000057ac3feac0:   0000000000000002 00000165793be8d0
0x00000057ac3fead0:   0000000000000000 000000069afaa9c8
0x00000057ac3feae0:   00000165793bbf38 00000057ac3feaa0
0x00000057ac3feaf0:   00000057ac3feb08 00000057ac3feb58
0x00000057ac3feb00:   00000165663691b4 000000069af984f8
0x00000057ac3feb10:   00000057ac3feb10 00000165793bd7b0
0x00000057ac3feb20:   0000000000000003 00000165793be8d0
0x00000057ac3feb30:   0000000000000000 000000069afaa9c8
0x00000057ac3feb40:   00000165793bd7f8 00000057ac3feb08
0x00000057ac3feb50:   00000057ac3feb70 00000057ac3febc0
0x00000057ac3feb60:   00000165663691b4 0000000000000000
0x00000057ac3feb70:   000000069af984f8 00000057ac3feb78
0x00000057ac3feb80:   00000165793ac85f 0000000000000008
0x00000057ac3feb90:   00000165793b0730 0000000000000000 

Instructions: (pc=0x00007ffbdf4fb5c6)
0x00007ffbdf4fb4c6:   00 68 00 00 00 0f 11 44 24 34 0f 11 44 24 44 0f
0x00007ffbdf4fb4d6:   11 44 24 54 0f 11 44 24 64 0f 11 44 24 74 0f 11
0x00007ffbdf4fb4e6:   84 24 84 00 00 00 89 84 24 94 00 00 00 c7 44 24
0x00007ffbdf4fb4f6:   30 68 00 00 00 48 8d 94 24 a0 00 00 00 48 8b cd
0x00007ffbdf4fb506:   ff 15 bc 88 06 00 85 c0 74 40 48 8d 54 24 30 48
0x00007ffbdf4fb516:   8b ce ff 15 aa 88 06 00 85 c0 74 2e 48 8d 54 24
0x00007ffbdf4fb526:   34 48 8d 8c 24 a4 00 00 00 ff 15 db 83 06 00 85
0x00007ffbdf4fb536:   c0 74 17 48 8d 54 24 44 48 8d 8c 24 b4 00 00 00
0x00007ffbdf4fb546:   ff 15 c4 83 06 00 85 c0 75 11 ff c7 3b 7b 0c 0f
0x00007ffbdf4fb556:   8c 15 ff ff ff 8b 3d 3f be 06 00 48 8b cb e8 a7
0x00007ffbdf4fb566:   c9 f4 ff 90 8b c7 48 8b 8c 24 10 01 00 00 48 33
0x00007ffbdf4fb576:   cc e8 54 02 01 00 4c 8d 9c 24 20 01 00 00 49 8b
0x00007ffbdf4fb586:   5b 18 49 8b 6b 20 49 8b 73 28 49 8b e3 5f c3 cc
0x00007ffbdf4fb596:   cc cc cc cc cc cc cc cc cc cc 48 8b 41 08 48 8b
0x00007ffbdf4fb5a6:   80 18 0c 00 00 c3 cc cc cc cc 48 8b 41 08 48 05
0x00007ffbdf4fb5b6:   00 04 00 00 c3 cc cc cc cc cc 40 53 48 83 ec 20
0x00007ffbdf4fb5c6:   83 79 50 00 48 8b d9 75 56 48 8b 49 28 4c 8d 44
0x00007ffbdf4fb5d6:   24 38 48 8d 54 24 30 c7 44 24 30 00 00 80 bf c7
0x00007ffbdf4fb5e6:   44 24 38 00 00 80 bf e8 be e1 00 00 f3 0f 10 54
0x00007ffbdf4fb5f6:   24 30 0f 57 c0 0f 2f d0 76 25 f3 0f 10 4c 24 38
0x00007ffbdf4fb606:   0f 2f c8 76 1a f3 0f 5e 15 f9 a6 02 00 f3 0f 5e
0x00007ffbdf4fb616:   0d f1 a6 02 00 f3 0f 11 53 48 f3 0f 11 4b 4c 48
0x00007ffbdf4fb626:   83 c4 20 5b c3 cc cc cc cc cc 48 89 5c 24 10 48
0x00007ffbdf4fb636:   89 74 24 18 48 89 7c 24 20 41 56 48 83 ec 40 48
0x00007ffbdf4fb646:   8b d9 48 83 79 18 00 75 14 b9 28 04 00 00 e8 97
0x00007ffbdf4fb656:   97 00 00 48 89 43 18 c7 00 28 00 00 00 48 8b 43
0x00007ffbdf4fb666:   18 33 ff 66 89 78 0e 48 8b 4b 28 e8 5a 03 00 00
0x00007ffbdf4fb676:   48 8b f0 ba 01 00 00 00 44 8b c2 48 8b c8 ff 15
0x00007ffbdf4fb686:   a6 7f 06 00 4c 8b f0 89 7c 24 30 48 8b 4b 18 48
0x00007ffbdf4fb696:   89 4c 24 28 48 89 7c 24 20 44 8d 4f 01 45 33 c0
0x00007ffbdf4fb6a6:   48 8b d0 48 8b ce ff 15 5e 80 06 00 48 8b 53 30
0x00007ffbdf4fb6b6:   48 8b 0b 83 79 04 08 0f 8e 01 02 00 00 f6 42 24 


Stack slot to memory mapping:

stack at sp + 0 slots: 0x000001657d47ca20 points into unknown readable memory: 0x000001657e22e410 | 10 e4 22 7e 65 01 00 00
stack at sp + 1 slots: 0x0000016578856d00 points into unknown readable memory: 0x0000000000000000 | 00 00 00 00 00 00 00 00
stack at sp + 2 slots: 0x00000165799614b0 is pointing into metadata
stack at sp + 3 slots: 0x000001657d47ca20 points into unknown readable memory: 0x000001657e22e410 | 10 e4 22 7e 65 01 00 00
stack at sp + 4 slots: 0x000001657d47ca20 points into unknown readable memory: 0x000001657e22e410 | 10 e4 22 7e 65 01 00 00
stack at sp + 5 slots: 0x00007ffbdf4fce02 awt.dll
stack at sp + 6 slots: 0x00007ffbdf55a848 awt.dll
stack at sp + 7 slots: {method} {0x00000165793bb8a0} 'initNativeScale' '(I)V' in 'sun/awt/Win32GraphicsDevice'


Compiled method (c1)  923317 1049       3       java.security.AccessController::executePrivileged (65 bytes)
 total in heap  [0x000001655efeb490,0x000001655efeba90] = 1536
 relocation     [0x000001655efeb5e8,0x000001655efeb650] = 104
 main code      [0x000001655efeb660,0x000001655efeb928] = 712
 stub code      [0x000001655efeb928,0x000001655efeb980] = 88
 metadata       [0x000001655efeb980,0x000001655efeb990] = 16
 scopes data    [0x000001655efeb990,0x000001655efeb9f8] = 104
 scopes pcs     [0x000001655efeb9f8,0x000001655efeba78] = 128
 dependencies   [0x000001655efeba78,0x000001655efeba80] = 8
 nul chk table  [0x000001655efeba80,0x000001655efeba90] = 16

[Constant Pool (empty)]

[MachCode]
[Verified Entry Point]
  # {method} {0x000001650047a4c0} 'executePrivileged' '(Ljava/security/PrivilegedAction;Ljava/security/AccessControlContext;Ljava/lang/Class;)Ljava/lang/Object;' in 'java/security/AccessController'
  # parm0:    rdx:rdx   = 'java/security/PrivilegedAction'
  # parm1:    r8:r8     = 'java/security/AccessControlContext'
  # parm2:    r9:r9     = 'java/lang/Class'
  #           [sp+0x50]  (sp of caller)
  0x000001655efeb660: 8984 2400 | 80ff ff55 | 4883 ec40 | 4181 7f20 | 1800 0000 

  0x000001655efeb674: ;   {runtime_call StubRoutines (final stubs)}
  0x000001655efeb674: 7405 e8e5 | 963a 0748 | 8954 2420 

  0x000001655efeb680: ;   {metadata(method data for {method} {0x000001650047a4c0} 'executePrivileged' '(Ljava/security/PrivilegedAction;Ljava/security/AccessControlContext;Ljava/lang/Class;)Ljava/lang/Object;' in 'java/security/AccessController')}
  0x000001655efeb680: 48be 987b | 0b79 6501 | 0000 8bbe | cc00 0000 | 83c7 0289 | becc 0000 | 0081 e7fe | 0700 0085 
  0x000001655efeb6a0: ff0f 84d9 | 0100 004d 

  0x000001655efeb6a8: ;   {metadata(method data for {method} {0x000001650047a4c0} 'executePrivileged' '(Ljava/security/PrivilegedAction;Ljava/security/AccessControlContext;Ljava/lang/Class;)Ljava/lang/Object;' in 'java/security/AccessController')}
  0x000001655efeb6a8: 85c0 48be | 987b 0b79 | 6501 0000 | 48bf 2001 | 0000 0000 | 0000 750a | 48bf 1001 | 0000 0000 
  0x000001655efeb6c8: 0000 488b | 1c3e 488d | 5b01 4889 | 1c3e 4c89 | 4c24 280f | 850a 0000 | 004c 8944 | 2430 e929 
  0x000001655efeb6e8: ;   {metadata(method data for {method} {0x000001650047a4c0} 'executePrivileged' '(Ljava/security/PrivilegedAction;Ljava/security/AccessControlContext;Ljava/lang/Class;)Ljava/lang/Object;' in 'java/security/AccessController')}
  0x000001655efeb6e8: 0000 0048 | be98 7b0b | 7965 0100 | 0048 8386 | 3001 0000 | 0149 8bd0 | 4c89 4424 

  0x000001655efeb704: ;   {static_call}
  0x000001655efeb704: 3066 90e8 

  0x000001655efeb708: ; ImmutableOopMap {[32]=Oop [40]=Oop [48]=Oop }
                      ;*invokestatic ensureMaterializedForStackWalk {reexecute=0 rethrow=0 return_oop=0}
                      ; - java.security.AccessController::executePrivileged@5 (line 774)
  0x000001655efeb708: b4f3 9807 

  0x000001655efeb70c: ;   {other}
  0x000001655efeb70c: 0f1f 8400 | 7c02 0000 

  0x000001655efeb714: ;   {metadata(method data for {method} {0x000001650047a4c0} 'executePrivileged' '(Ljava/security/PrivilegedAction;Ljava/security/AccessControlContext;Ljava/lang/Class;)Ljava/lang/Object;' in 'java/security/AccessController')}
  0x000001655efeb714: 48ba 987b | 0b79 6501 | 0000 ff82 | 4001 0000 | 488b 5424 | 2048 3b02 

  0x000001655efeb72c: ;   {metadata(method data for {method} {0x000001650047a4c0} 'executePrivileged' '(Ljava/security/PrivilegedAction;Ljava/security/AccessControlContext;Ljava/lang/Class;)Ljava/lang/Object;' in 'java/security/AccessController')}
  0x000001655efeb72c: 488b f248 | bf98 7b0b | 7965 0100 | 008b 7608 | 49ba 0000 | 0000 6501 | 0000 4903 | f248 3bb7 
  0x000001655efeb74c: b001 0000 | 750d 4883 | 87b8 0100 | 0001 e960 | 0000 0048 | 3bb7 c001 | 0000 750d | 4883 87c8 
  0x000001655efeb76c: 0100 0001 | e94a 0000 | 0048 83bf | b001 0000 | 0075 1748 | 89b7 b001 | 0000 48c7 | 87b8 0100 
  0x000001655efeb78c: 0001 0000 | 00e9 2900 | 0000 4883 | bfc0 0100 | 0000 7517 | 4889 b7c0 | 0100 0048 | c787 c801 
  0x000001655efeb7ac: 0000 0100 | 0000 e908 | 0000 0048 | 8387 a001 | 0000 0148 | 8bf2 488b | d648 b830 | 90c3 7d65 
  0x000001655efeb7cc: ;   {virtual_call}
  0x000001655efeb7cc: 0100 00e8 

  0x000001655efeb7d0: ; ImmutableOopMap {[32]=Oop [40]=Oop [48]=Oop }
                      ;*invokeinterface run {reexecute=0 rethrow=0 return_oop=0}
                      ; - java.security.AccessController::executePrivileged@29 (line 778)
  0x000001655efeb7d0: 3c32 4a07 

  0x000001655efeb7d4: ;   {other}
  0x000001655efeb7d4: 0f1f 8400 | 4403 0001 

  0x000001655efeb7dc: ;   {metadata(method data for {method} {0x000001650047a4c0} 'executePrivileged' '(Ljava/security/PrivilegedAction;Ljava/security/AccessControlContext;Ljava/lang/Class;)Ljava/lang/Object;' in 'java/security/AccessController')}
  0x000001655efeb7dc: 48be 987b | 0b79 6501 | 0000 ff86 | d801 0000 | 4c8b 4c24 | 284c 8b44 | 2430 488b 

  0x000001655efeb7f8: ;   {metadata(method data for {method} {0x000001650047a4c0} 'executePrivileged' '(Ljava/security/PrivilegedAction;Ljava/security/AccessControlContext;Ljava/lang/Class;)Ljava/lang/Object;' in 'java/security/AccessController')}
  0x000001655efeb7f8: 5424 2048 | be98 7b0b | 7965 0100 | 0048 8386 | 3802 0000 

  0x000001655efeb80c: ;   {metadata(method data for {method} {0x000001650003d490} 'reachabilityFence' '(Ljava/lang/Object;)V' in 'java/lang/ref/Reference')}
  0x000001655efeb80c: 0148 be78 | 3c03 7965 | 0100 008b | becc 0000 | 0083 c702 | 89be cc00 | 0000 81e7 | feff 1f00 
  0x000001655efeb82c: 85ff 0f84 | 7200 0000 

  0x000001655efeb834: ;   {metadata(method data for {method} {0x000001650047a4c0} 'executePrivileged' '(Ljava/security/PrivilegedAction;Ljava/security/AccessControlContext;Ljava/lang/Class;)Ljava/lang/Object;' in 'java/security/AccessController')}
  0x000001655efeb834: 48be 987b | 0b79 6501 | 0000 4883 | 8648 0200 

  0x000001655efeb844: ;   {metadata(method data for {method} {0x000001650003d490} 'reachabilityFence' '(Ljava/lang/Object;)V' in 'java/lang/ref/Reference')}
  0x000001655efeb844: 0001 48be | 783c 0379 | 6501 0000 | 8bbe cc00 | 0000 83c7 | 0289 becc | 0000 0081 | e7fe ff1f 
  0x000001655efeb864: 0085 ff0f | 845a 0000 | 0048 83c4 

  0x000001655efeb870: ;   {poll_return}
  0x000001655efeb870: 405d 493b | a750 0400 | 000f 8766 | 0000 00c3 

  0x000001655efeb880: ;   {metadata({method} {0x000001650047a4c0} 'executePrivileged' '(Ljava/security/PrivilegedAction;Ljava/security/AccessControlContext;Ljava/lang/Class;)Ljava/lang/Object;' in 'java/security/AccessController')}
  0x000001655efeb880: 49ba b8a4 | 4700 6501 | 0000 4c89 | 5424 0848 | c704 24ff 

  0x000001655efeb894: ;   {runtime_call counter_overflow Runtime1 stub}
  0x000001655efeb894: ffff ffe8 

  0x000001655efeb898: ; ImmutableOopMap {rdx=Oop r8=Oop r9=Oop [32]=Oop }
                      ;*synchronization entry
                      ; - java.security.AccessController::executePrivileged@-1 (line 773)
  0x000001655efeb898: e4c1 4907 | e906 feff 

  0x000001655efeb8a0: ;   {runtime_call throw_null_pointer_exception Runtime1 stub}
  0x000001655efeb8a0: ffe8 5a63 

  0x000001655efeb8a4: ; ImmutableOopMap {rdx=Oop [32]=Oop [40]=Oop [48]=Oop }
                      ;*invokeinterface run {reexecute=0 rethrow=0 return_oop=0}
                      ; - java.security.AccessController::executePrivileged@29 (line 778)
                      ;   {metadata({method} {0x000001650003d490} 'reachabilityFence' '(Ljava/lang/Object;)V' in 'java/lang/ref/Reference')}
  0x000001655efeb8a4: 4907 49ba | 88d4 0300 | 6501 0000 | 4c89 5424 | 0848 c704 | 24ff ffff 

  0x000001655efeb8bc: ;   {runtime_call counter_overflow Runtime1 stub}
  0x000001655efeb8bc: ffe8 bec1 

  0x000001655efeb8c0: ; ImmutableOopMap {rax=Oop r9=Oop rdx=Oop r8=Oop [32]=Oop }
                      ;*synchronization entry
                      ; - java.lang.ref.Reference::reachabilityFence@-1 (line 628)
                      ; - java.security.AccessController::executePrivileged@56 (line 783)
  0x000001655efeb8c0: 4907 e96d 

  0x000001655efeb8c4: ;   {metadata({method} {0x000001650003d490} 'reachabilityFence' '(Ljava/lang/Object;)V' in 'java/lang/ref/Reference')}
  0x000001655efeb8c4: ffff ff49 | ba88 d403 | 0065 0100 | 004c 8954 | 2408 48c7 | 0424 ffff 

  0x000001655efeb8dc: ;   {runtime_call counter_overflow Runtime1 stub}
  0x000001655efeb8dc: ffff e89d 

  0x000001655efeb8e0: ; ImmutableOopMap {rax=Oop r9=Oop rdx=Oop r8=Oop [32]=Oop }
                      ;*synchronization entry
                      ; - java.lang.ref.Reference::reachabilityFence@-1 (line 628)
                      ; - java.security.AccessController::executePrivileged@60 (line 784)
  0x000001655efeb8e0: c149 07eb 

  0x000001655efeb8e4: ;   {internal_word}
  0x000001655efeb8e4: 8849 ba72 | b8fe 5e65 | 0100 004d | 8997 6804 

  0x000001655efeb8f4: ;   {runtime_call SafepointBlob}
  0x000001655efeb8f4: 0000 e905 | 9e3c 0749 | 8b87 0005 | 0000 49c7 | 8700 0500 | 0000 0000 | 0049 c787 | 0805 0000 
  0x000001655efeb914: 0000 0000 | 4883 c440 

  0x000001655efeb91c: ;   {runtime_call unwind_exception Runtime1 stub}
  0x000001655efeb91c: 5de9 5e4f | 4907 f4f4 | f4f4 f4f4 
[Stub Code]
  0x000001655efeb928: ;   {no_reloc}
  0x000001655efeb928: 0f1f 4400 

  0x000001655efeb92c: ;   {static_stub}
  0x000001655efeb92c: 0048 bb00 | 0000 0000 

  0x000001655efeb934: ;   {runtime_call}
  0x000001655efeb934: 0000 00e9 | fbff ffff 

  0x000001655efeb93c: ;   {static_stub}
  0x000001655efeb93c: 48bb e0a2 | 4700 6501 

  0x000001655efeb944: ;   {runtime_call I2C/C2I adapters}
  0x000001655efeb944: 0000 e918 

  0x000001655efeb948: ;   {runtime_call handle_exception_from_callee Runtime1 stub}
  0x000001655efeb948: 7b3c 07e8 | 308e 4907 

  0x000001655efeb950: ;   {external_word}
  0x000001655efeb950: 48b9 7020 | d6dc fb7f | 0000 4883 

  0x000001655efeb95c: ;   {runtime_call}
  0x000001655efeb95c: e4f0 48b8 | 002a 99dc | fb7f 0000 

  0x000001655efeb968: ;   {section_word}
  0x000001655efeb968: ffd0 f449 | ba6b b9fe | 5e65 0100 

  0x000001655efeb974: ;   {runtime_call DeoptimizationBlob}
  0x000001655efeb974: 0041 52e9 | 2490 3c07 | f4f4 f4f4 
[/MachCode]


---------------  P R O C E S S  ---------------

Threads class SMR info:
_java_thread_list=0x000001657e25c5e0, length=27, elements={
0x00000165789b7480, 0x00000165789b9d00, 0x00000165789bc940, 0x00000165789bd570,
0x00000165789c1d20, 0x00000165789c64c0, 0x00000165789ccd20, 0x00000165789d5640,
0x0000016578c5cca0, 0x0000016578c5d320, 0x0000016578c63ef0, 0x00000165789c7870,
0x00000165789c5110, 0x00000165789c4a80, 0x00000165789c71e0, 0x00000165789c57a0,
0x00000165789c5e30, 0x000001657d417e60, 0x000001657d4184f0, 0x000001657d41b970,
0x000001657d41c000, 0x000001657d418b80, 0x000001657d417140, 0x000001657d41c690,
0x000001657d41b2e0, 0x000001657d419210, 0x000001657d419f30
}

Java Threads: ( => current thread )
  0x00000165789b7480 JavaThread "Reference Handler"          daemon [_thread_blocked, id=11976, stack(0x00000057acc00000,0x00000057acd00000) (1024K)]
  0x00000165789b9d00 JavaThread "Finalizer"                  daemon [_thread_blocked, id=13120, stack(0x00000057acd00000,0x00000057ace00000) (1024K)]
  0x00000165789bc940 JavaThread "Signal Dispatcher"          daemon [_thread_blocked, id=1704, stack(0x00000057ace00000,0x00000057acf00000) (1024K)]
  0x00000165789bd570 JavaThread "Attach Listener"            daemon [_thread_blocked, id=17272, stack(0x00000057acf00000,0x00000057ad000000) (1024K)]
  0x00000165789c1d20 JavaThread "Service Thread"             daemon [_thread_blocked, id=18608, stack(0x00000057ad000000,0x00000057ad100000) (1024K)]
  0x00000165789c64c0 JavaThread "Monitor Deflation Thread"   daemon [_thread_blocked, id=8464, stack(0x00000057ad100000,0x00000057ad200000) (1024K)]
  0x00000165789ccd20 JavaThread "C2 CompilerThread0"         daemon [_thread_blocked, id=17568, stack(0x00000057ad200000,0x00000057ad300000) (1024K)]
  0x00000165789d5640 JavaThread "C1 CompilerThread0"         daemon [_thread_blocked, id=11656, stack(0x00000057ad300000,0x00000057ad400000) (1024K)]
  0x0000016578c5cca0 JavaThread "JDWP Transport Listener: dt_shmem" daemon [_thread_blocked, id=16864, stack(0x00000057ad400000,0x00000057ad500000) (1024K)]
  0x0000016578c5d320 JavaThread "JDWP Event Helper Thread"   daemon [_thread_blocked, id=18748, stack(0x00000057ad500000,0x00000057ad600000) (1024K)]
  0x0000016578c63ef0 JavaThread "JDWP Command Reader"        daemon [_thread_in_native, id=2372, stack(0x00000057ad600000,0x00000057ad700000) (1024K)]
  0x00000165789c7870 JavaThread "Notification Thread"        daemon [_thread_blocked, id=18780, stack(0x00000057ad700000,0x00000057ad800000) (1024K)]
  0x00000165789c5110 JavaThread "Common-Cleaner"             daemon [_thread_blocked, id=492, stack(0x00000057ad800000,0x00000057ad900000) (1024K)]
  0x00000165789c4a80 JavaThread "Java2D Disposer"            daemon [_thread_blocked, id=6788, stack(0x00000057ada00000,0x00000057adb00000) (1024K)]
  0x00000165789c71e0 JavaThread "AWT-Windows"                daemon [_thread_in_native, id=5212, stack(0x00000057adc00000,0x00000057add00000) (1024K)]
  0x00000165789c57a0 JavaThread "BlueJ worker thread"               [_thread_blocked, id=18132, stack(0x00000057ade00000,0x00000057adf00000) (1024K)]
  0x00000165789c5e30 JavaThread "DestroyJavaVM"                     [_thread_blocked, id=12932, stack(0x00000057ac400000,0x00000057ac500000) (1024K)]
  0x000001657d417e60 JavaThread "main"                              [_thread_blocked, id=13844, stack(0x00000057add00000,0x00000057ade00000) (1024K)]
  0x000001657d4184f0 JavaThread "QuantumRenderer-0"          daemon [_thread_blocked, id=14204, stack(0x00000057ae700000,0x00000057ae800000) (1024K)]
  0x000001657d41b970 JavaThread "InvokeLaterDispatcher"      daemon [_thread_blocked, id=17148, stack(0x00000057ae800000,0x00000057ae900000) (1024K)]
  0x000001657d41c000 JavaThread "JavaFX Application Thread"         [_thread_in_native, id=18592, stack(0x00000057ae900000,0x00000057aea00000) (1024K)]
  0x000001657d418b80 JavaThread "Thread-2"                   daemon [_thread_in_native, id=18512, stack(0x00000057adf00000,0x00000057ae000000) (1024K)]
  0x000001657d417140 JavaThread "VMCommsSimulation"                 [_thread_in_native, id=10040, stack(0x00000057adb00000,0x00000057adc00000) (1024K)]
  0x000001657d41c690 JavaThread "Clip process"               daemon [_thread_blocked, id=12084, stack(0x00000057aed00000,0x00000057aee00000) (1024K)]
  0x000001657d41b2e0 JavaThread "SimulationThread"                  [_thread_blocked, id=16816, stack(0x00000057aee00000,0x00000057aef00000) (1024K)]
  0x000001657d419210 JavaThread "AWT-Shutdown"                      [_thread_blocked, id=17472, stack(0x00000057ac200000,0x00000057ac300000) (1024K)]
=>0x000001657d419f30 JavaThread "AWT-EventQueue-0"                  [_thread_in_native, id=4860, stack(0x00000057ac300000,0x00000057ac400000) (1024K)]
Total: 27

Other Threads:
  0x0000016578996a00 VMThread "VM Thread"                           [id=18620, stack(0x00000057acb00000,0x00000057acc00000) (1024K)]
  0x000001657897f880 WatcherThread "VM Periodic Task Thread"        [id=18616, stack(0x00000057aca00000,0x00000057acb00000) (1024K)]
  0x0000016554f7cb00 WorkerThread "GC Thread#0"                     [id=652, stack(0x00000057ac500000,0x00000057ac600000) (1024K)]
  0x000001657d4dac70 WorkerThread "GC Thread#1"                     [id=9556, stack(0x00000057ad900000,0x00000057ada00000) (1024K)]
  0x000001657d55cbd0 WorkerThread "GC Thread#2"                     [id=5708, stack(0x00000057ae100000,0x00000057ae200000) (1024K)]
  0x000001657d55cf70 WorkerThread "GC Thread#3"                     [id=15412, stack(0x00000057ae200000,0x00000057ae300000) (1024K)]
  0x000001657d4db870 WorkerThread "GC Thread#4"                     [id=10128, stack(0x00000057ae300000,0x00000057ae400000) (1024K)]
  0x000001657d4dbc10 WorkerThread "GC Thread#5"                     [id=5084, stack(0x00000057ae400000,0x00000057ae500000) (1024K)]
  0x000001657dc0c0f0 WorkerThread "GC Thread#6"                     [id=3364, stack(0x00000057ae500000,0x00000057ae600000) (1024K)]
  0x000001657dc0c490 WorkerThread "GC Thread#7"                     [id=4608, stack(0x00000057ae600000,0x00000057ae700000) (1024K)]
  0x0000016554f898b0 ConcurrentGCThread "G1 Main Marker"            [id=15488, stack(0x00000057ac600000,0x00000057ac700000) (1024K)]
  0x0000016554f8b230 WorkerThread "G1 Conc#0"                       [id=12960, stack(0x00000057ac700000,0x00000057ac800000) (1024K)]
  0x0000016578848e90 ConcurrentGCThread "G1 Refine#0"               [id=18680, stack(0x00000057ac800000,0x00000057ac900000) (1024K)]
  0x00000165788494b0 ConcurrentGCThread "G1 Service"                [id=5400, stack(0x00000057ac900000,0x00000057aca00000) (1024K)]
Total: 14

Threads with active compile tasks:
Total: 0

VM state: not at safepoint (normal execution)

VM Mutex/Monitor currently owned by a thread: None

Heap address: 0x0000000684400000, size: 6076 MB, Compressed Oops mode: Zero based, Oop shift amount: 3

CDS archive(s) mapped at: [0x0000016500000000-0x0000016500c90000-0x0000016500c90000), size 13172736, SharedBaseAddress: 0x0000016500000000, ArchiveRelocationMode: 1.
Compressed class space mapped at: 0x0000016501000000-0x0000016541000000, reserved size: 1073741824
Narrow klass base: 0x0000016500000000, Narrow klass shift: 0, Narrow klass range: 0x100000000

GC Precious Log:
 CardTable entry size: 512
 Card Set container configuration: InlinePtr #cards 4 size 8 Array Of Cards #cards 32 size 80 Howl #buckets 8 coarsen threshold 7372 Howl Bitmap #cards 1024 size 144 coarsen threshold 921 Card regions per heap region 1 cards per card region 8192
 CPUs: 8 total, 8 available
 Memory: 24291M
 Large Page Support: Disabled
 NUMA Support: Disabled
 Compressed Oops: Enabled (Zero based)
 Heap Region Size: 4M
 Heap Min Capacity: 8M
 Heap Initial Capacity: 380M
 Heap Max Capacity: 6076M
 Pre-touch: Disabled
 Parallel Workers: 8
 Concurrent Workers: 2
 Concurrent Refinement Workers: 8
 Periodic GC: Disabled

Heap:
 garbage-first heap   total 40960K, used 19077K [0x0000000684400000, 0x0000000800000000)
  region size 4096K, 3 young (12288K), 0 survivors (0K)
 Metaspace       used 10385K, committed 10688K, reserved 1114112K
  class space    used 984K, committed 1088K, reserved 1048576K

Heap Regions: E=young(eden), S=young(survivor), O=old, HS=humongous(starts), HC=humongous(continues), CS=collection set, F=free, TAMS=top-at-mark-start, PB=parsable bottom
|   0|0x0000000684400000, 0x000000068475f730, 0x0000000684800000| 84%| O|  |TAMS 0x0000000684400000| PB 0x0000000684400000| Untracked 
|   1|0x0000000684800000, 0x0000000684b420a8, 0x0000000684c00000| 81%| O|  |TAMS 0x0000000684800000| PB 0x0000000684800000| Untracked 
|   2|0x0000000684c00000, 0x0000000684c00000, 0x0000000685000000|  0%| F|  |TAMS 0x0000000684c00000| PB 0x0000000684c00000| Untracked 
|   3|0x0000000685000000, 0x0000000685000000, 0x0000000685400000|  0%| F|  |TAMS 0x0000000685000000| PB 0x0000000685000000| Untracked 
|   4|0x0000000685400000, 0x0000000685400000, 0x0000000685800000|  0%| F|  |TAMS 0x0000000685400000| PB 0x0000000685400000| Untracked 
|   5|0x0000000685800000, 0x0000000685800000, 0x0000000685c00000|  0%| F|  |TAMS 0x0000000685800000| PB 0x0000000685800000| Untracked 
|   6|0x0000000685c00000, 0x0000000685e7b328, 0x0000000686000000| 62%| E|  |TAMS 0x0000000685c00000| PB 0x0000000685c00000| Complete 
|   7|0x0000000686000000, 0x0000000686400000, 0x0000000686400000|100%| E|CS|TAMS 0x0000000686000000| PB 0x0000000686000000| Complete 
|   8|0x0000000686400000, 0x0000000686800000, 0x0000000686800000|100%| E|CS|TAMS 0x0000000686400000| PB 0x0000000686400000| Complete 
|  90|0x000000069ac00000, 0x000000069b000000, 0x000000069b000000|100%| O|  |TAMS 0x000000069ac00000| PB 0x000000069ac00000| Untracked 

Card table byte_map: [0x000001656f480000,0x0000016570060000] _byte_map_base: 0x000001656c05e000

Marking Bits: (CMBitMap*) 0x0000016554f7d200
 Bits: [0x0000016570060000, 0x0000016575f50000)

Polling page: 0x0000016554fc0000

Metaspace:

Usage:
  Non-class:      9.18 MB used.
      Class:    984.81 KB used.
       Both:     10.14 MB used.

Virtual space:
  Non-class space:       64.00 MB reserved,       9.38 MB ( 15%) committed,  1 nodes.
      Class space:        1.00 GB reserved,       1.06 MB ( <1%) committed,  1 nodes.
             Both:        1.06 GB reserved,      10.44 MB ( <1%) committed. 

Chunk freelists:
   Non-Class:  6.11 MB
       Class:  14.96 MB
        Both:  21.07 MB

MaxMetaspaceSize: unlimited
CompressedClassSpaceSize: 1.00 GB
Initial GC threshold: 21.00 MB
Current GC threshold: 21.00 MB
CDS: on
 - commit_granule_bytes: 65536.
 - commit_granule_words: 8192.
 - virtual_space_node_default_size: 8388608.
 - enlarge_chunks_in_place: 1.
 - use_allocation_guard: 0.


Internal statistics:

num_allocs_failed_limit: 0.
num_arena_births: 224.
num_arena_deaths: 12.
num_vsnodes_births: 2.
num_vsnodes_deaths: 0.
num_space_committed: 167.
num_space_uncommitted: 0.
num_chunks_returned_to_freelist: 18.
num_chunks_taken_from_freelist: 409.
num_chunk_merges: 2.
num_chunk_splits: 266.
num_chunks_enlarged: 171.
num_inconsistent_stats: 0.

CodeHeap 'non-profiled nmethods': size=120000Kb used=681Kb max_used=681Kb free=119318Kb
 bounds [0x0000016566900000, 0x0000016566b70000, 0x000001656de30000]
CodeHeap 'profiled nmethods': size=120000Kb used=2149Kb max_used=2829Kb free=117850Kb
 bounds [0x000001655ee30000, 0x000001655f100000, 0x0000016566360000]
CodeHeap 'non-nmethods': size=5760Kb used=1688Kb max_used=1729Kb free=4071Kb
 bounds [0x0000016566360000, 0x00000165665d0000, 0x0000016566900000]
 total_blobs=1854 nmethods=1178 adapters=581
 compilation: enabled
              stopped_count=0, restarted_count=0
 full_count=0

Compilation events (20 events):
Event: 449.085 Thread 0x00000165789ccd20 2171       4       java.lang.StringLatin1::toLowerCase (186 bytes)
Event: 449.094 Thread 0x00000165789ccd20 nmethod 2171 0x000001656697d810 code [0x000001656697d9e0, 0x000001656697e3f0]
Event: 465.231 Thread 0x00000165789ccd20 2179       4       greenfoot.vmcomm.VMCommsSimulation::readCommands (680 bytes)
Event: 465.253 Thread 0x00000165789ccd20 nmethod 2179 0x0000016566934090 code [0x00000165669344e0, 0x0000016566937178]
Event: 525.026 Thread 0x00000165789ccd20 2180       4       java.lang.CharacterData::of (136 bytes)
Event: 525.026 Thread 0x00000165789ccd20 nmethod 2180 0x0000016566973e90 code [0x0000016566974000, 0x00000165669740a8]
Event: 628.047 Thread 0x00000165789d5640 2181       3       greenfoot.MouseInfo::setLoc (22 bytes)
Event: 628.047 Thread 0x00000165789d5640 nmethod 2181 0x000001655eeebb10 code [0x000001655eeebca0, 0x000001655eeebdb8]
Event: 628.240 Thread 0x00000165789d5640 2182       3       greenfoot.vmcomm.Command::isKeyEvent (16 bytes)
Event: 628.240 Thread 0x00000165789d5640 nmethod 2182 0x000001655eef9090 code [0x000001655eef9220, 0x000001655eef9398]
Event: 628.240 Thread 0x00000165789d5640 2183       3       greenfoot.vmcomm.Command::isMouseEvent (18 bytes)
Event: 628.240 Thread 0x00000165789d5640 nmethod 2183 0x000001655ef1cd90 code [0x000001655ef1cf20, 0x000001655ef1d098]
Event: 867.030 Thread 0x00000165789d5640 2184       3       java.util.concurrent.TimeUnit::toNanos (45 bytes)
Event: 867.031 Thread 0x00000165789d5640 nmethod 2184 0x000001655ee37910 code [0x000001655ee37ac0, 0x000001655ee37d28]
Event: 923.123 Thread 0x00000165789d5640 2185       3       java.util.HashMap::isEmpty (13 bytes)
Event: 923.123 Thread 0x00000165789d5640 nmethod 2185 0x000001655effd090 code [0x000001655effd220, 0x000001655effd388]
Event: 923.157 Thread 0x00000165789d5640 2186       3       java.lang.invoke.MemberName::getName (25 bytes)
Event: 923.157 Thread 0x00000165789ccd20 2187       4       jdk.internal.org.objectweb.asm.SymbolTable::hash (10 bytes)
Event: 923.157 Thread 0x00000165789d5640 nmethod 2186 0x000001655ef0a790 code [0x000001655ef0a960, 0x000001655ef0ace8]
Event: 923.159 Thread 0x00000165789ccd20 nmethod 2187 0x00000165669a3c10 code [0x00000165669a3da0, 0x00000165669a3ed8]

GC Heap History (20 events):
Event: 387.090 GC heap before
{Heap before GC invocations=30 (full 16):
 garbage-first heap   total 40960K, used 26166K [0x0000000684400000, 0x0000000800000000)
  region size 4096K, 7 young (28672K), 1 survivors (4096K)
 Metaspace       used 10292K, committed 10560K, reserved 1114112K
  class space    used 978K, committed 1088K, reserved 1048576K
}
Event: 387.092 GC heap after
{Heap after GC invocations=31 (full 16):
 garbage-first heap   total 45056K, used 10724K [0x0000000684400000, 0x0000000800000000)
  region size 4096K, 1 young (4096K), 1 survivors (4096K)
 Metaspace       used 10292K, committed 10560K, reserved 1114112K
  class space    used 978K, committed 1088K, reserved 1048576K
}
Event: 387.408 GC heap before
{Heap before GC invocations=31 (full 16):
 garbage-first heap   total 45056K, used 27108K [0x0000000684400000, 0x0000000800000000)
  region size 4096K, 6 young (24576K), 1 survivors (4096K)
 Metaspace       used 10298K, committed 10560K, reserved 1114112K
  class space    used 978K, committed 1088K, reserved 1048576K
}
Event: 387.410 GC heap after
{Heap after GC invocations=32 (full 16):
 garbage-first heap   total 45056K, used 9782K [0x0000000684400000, 0x0000000800000000)
  region size 4096K, 1 young (4096K), 1 survivors (4096K)
 Metaspace       used 10298K, committed 10560K, reserved 1114112K
  class space    used 978K, committed 1088K, reserved 1048576K
}
Event: 387.741 GC heap before
{Heap before GC invocations=32 (full 16):
 garbage-first heap   total 45056K, used 26166K [0x0000000684400000, 0x0000000800000000)
  region size 4096K, 6 young (24576K), 1 survivors (4096K)
 Metaspace       used 10305K, committed 10560K, reserved 1114112K
  class space    used 978K, committed 1088K, reserved 1048576K
}
Event: 387.742 GC heap after
{Heap after GC invocations=33 (full 16):
 garbage-first heap   total 45056K, used 9788K [0x0000000684400000, 0x0000000800000000)
  region size 4096K, 1 young (4096K), 1 survivors (4096K)
 Metaspace       used 10305K, committed 10560K, reserved 1114112K
  class space    used 978K, committed 1088K, reserved 1048576K
}
Event: 387.761 GC heap before
{Heap before GC invocations=33 (full 16):
 garbage-first heap   total 45056K, used 9788K [0x0000000684400000, 0x0000000800000000)
  region size 4096K, 2 young (8192K), 1 survivors (4096K)
 Metaspace       used 10312K, committed 10560K, reserved 1114112K
  class space    used 978K, committed 1088K, reserved 1048576K
}
Event: 387.776 GC heap after
{Heap after GC invocations=34 (full 17):
 garbage-first heap   total 40960K, used 10686K [0x0000000684400000, 0x0000000800000000)
  region size 4096K, 0 young (0K), 0 survivors (0K)
 Metaspace       used 10312K, committed 10560K, reserved 1114112K
  class space    used 978K, committed 1088K, reserved 1048576K
}
Event: 388.976 GC heap before
{Heap before GC invocations=34 (full 17):
 garbage-first heap   total 40960K, used 10686K [0x0000000684400000, 0x0000000800000000)
  region size 4096K, 2 young (8192K), 0 survivors (0K)
 Metaspace       used 10329K, committed 10560K, reserved 1114112K
  class space    used 978K, committed 1088K, reserved 1048576K
}
Event: 388.989 GC heap after
{Heap after GC invocations=35 (full 18):
 garbage-first heap   total 40960K, used 11758K [0x0000000684400000, 0x0000000800000000)
  region size 4096K, 0 young (0K), 0 survivors (0K)
 Metaspace       used 10329K, committed 10560K, reserved 1114112K
  class space    used 978K, committed 1088K, reserved 1048576K
}
Event: 446.433 GC heap before
{Heap before GC invocations=35 (full 18):
 garbage-first heap   total 40960K, used 11758K [0x0000000684400000, 0x0000000800000000)
  region size 4096K, 1 young (4096K), 0 survivors (0K)
 Metaspace       used 10330K, committed 10560K, reserved 1114112K
  class space    used 978K, committed 1088K, reserved 1048576K
}
Event: 446.453 GC heap after
{Heap after GC invocations=36 (full 19):
 garbage-first heap   total 40960K, used 10828K [0x0000000684400000, 0x0000000800000000)
  region size 4096K, 0 young (0K), 0 survivors (0K)
 Metaspace       used 10330K, committed 10560K, reserved 1114112K
  class space    used 978K, committed 1088K, reserved 1048576K
}
Event: 446.995 GC heap before
{Heap before GC invocations=36 (full 19):
 garbage-first heap   total 40960K, used 10828K [0x0000000684400000, 0x0000000800000000)
  region size 4096K, 1 young (4096K), 0 survivors (0K)
 Metaspace       used 10359K, committed 10560K, reserved 1114112K
  class space    used 983K, committed 1088K, reserved 1048576K
}
Event: 447.013 GC heap after
{Heap after GC invocations=37 (full 20):
 garbage-first heap   total 40960K, used 10849K [0x0000000684400000, 0x0000000800000000)
  region size 4096K, 0 young (0K), 0 survivors (0K)
 Metaspace       used 10346K, committed 10560K, reserved 1114112K
  class space    used 978K, committed 1088K, reserved 1048576K
}
Event: 448.818 GC heap before
{Heap before GC invocations=37 (full 20):
 garbage-first heap   total 40960K, used 10849K [0x0000000684400000, 0x0000000800000000)
  region size 4096K, 1 young (4096K), 0 survivors (0K)
 Metaspace       used 10347K, committed 10560K, reserved 1114112K
  class space    used 978K, committed 1088K, reserved 1048576K
}
Event: 448.839 GC heap after
{Heap after GC invocations=38 (full 21):
 garbage-first heap   total 40960K, used 10834K [0x0000000684400000, 0x0000000800000000)
  region size 4096K, 0 young (0K), 0 survivors (0K)
 Metaspace       used 10347K, committed 10560K, reserved 1114112K
  class space    used 978K, committed 1088K, reserved 1048576K
}
Event: 449.045 GC heap before
{Heap before GC invocations=38 (full 21):
 garbage-first heap   total 40960K, used 10834K [0x0000000684400000, 0x0000000800000000)
  region size 4096K, 1 young (4096K), 0 survivors (0K)
 Metaspace       used 10369K, committed 10560K, reserved 1114112K
  class space    used 983K, committed 1088K, reserved 1048576K
}
Event: 449.059 GC heap after
{Heap after GC invocations=39 (full 22):
 garbage-first heap   total 40960K, used 10888K [0x0000000684400000, 0x0000000800000000)
  region size 4096K, 0 young (0K), 0 survivors (0K)
 Metaspace       used 10369K, committed 10560K, reserved 1114112K
  class space    used 983K, committed 1088K, reserved 1048576K
}
Event: 454.883 GC heap before
{Heap before GC invocations=39 (full 22):
 garbage-first heap   total 40960K, used 10888K [0x0000000684400000, 0x0000000800000000)
  region size 4096K, 1 young (4096K), 0 survivors (0K)
 Metaspace       used 10369K, committed 10560K, reserved 1114112K
  class space    used 983K, committed 1088K, reserved 1048576K
}
Event: 454.902 GC heap after
{Heap after GC invocations=40 (full 23):
 garbage-first heap   total 40960K, used 10885K [0x0000000684400000, 0x0000000800000000)
  region size 4096K, 0 young (0K), 0 survivors (0K)
 Metaspace       used 10369K, committed 10560K, reserved 1114112K
  class space    used 983K, committed 1088K, reserved 1048576K
}

Dll operation events (20 events):
Event: 3.199 Loaded shared library C:\Users\Admin\.openjfx\cache\21.0.3+2\amd64\api-ms-win-crt-heap-l1-1-0.dll
Event: 3.207 Loaded shared library C:\Users\Admin\.openjfx\cache\21.0.3+2\amd64\api-ms-win-crt-locale-l1-1-0.dll
Event: 3.216 Loaded shared library C:\Users\Admin\.openjfx\cache\21.0.3+2\amd64\api-ms-win-crt-math-l1-1-0.dll
Event: 3.224 Loaded shared library C:\Users\Admin\.openjfx\cache\21.0.3+2\amd64\api-ms-win-crt-multibyte-l1-1-0.dll
Event: 3.236 Loaded shared library C:\Users\Admin\.openjfx\cache\21.0.3+2\amd64\api-ms-win-crt-private-l1-1-0.dll
Event: 3.244 Loaded shared library C:\Users\Admin\.openjfx\cache\21.0.3+2\amd64\api-ms-win-crt-process-l1-1-0.dll
Event: 3.252 Loaded shared library C:\Users\Admin\.openjfx\cache\21.0.3+2\amd64\api-ms-win-crt-runtime-l1-1-0.dll
Event: 3.261 Loaded shared library C:\Users\Admin\.openjfx\cache\21.0.3+2\amd64\api-ms-win-crt-stdio-l1-1-0.dll
Event: 3.270 Loaded shared library C:\Users\Admin\.openjfx\cache\21.0.3+2\amd64\api-ms-win-crt-string-l1-1-0.dll
Event: 3.277 Loaded shared library C:\Users\Admin\.openjfx\cache\21.0.3+2\amd64\api-ms-win-crt-time-l1-1-0.dll
Event: 3.289 Loaded shared library C:\Users\Admin\.openjfx\cache\21.0.3+2\amd64\api-ms-win-crt-utility-l1-1-0.dll
Event: 3.320 Loaded shared library C:\Users\Admin\.openjfx\cache\21.0.3+2\amd64\ucrtbase.dll
Event: 3.329 Loaded shared library C:\Users\Admin\.openjfx\cache\21.0.3+2\amd64\vcruntime140.dll
Event: 3.343 Loaded shared library C:\Users\Admin\.openjfx\cache\21.0.3+2\amd64\vcruntime140_1.dll
Event: 3.361 Loaded shared library C:\Users\Admin\.openjfx\cache\21.0.3+2\amd64\msvcp140.dll
Event: 3.368 Loaded shared library C:\Users\Admin\.openjfx\cache\21.0.3+2\amd64\msvcp140_1.dll
Event: 3.380 Loaded shared library C:\Users\Admin\.openjfx\cache\21.0.3+2\amd64\msvcp140_2.dll
Event: 3.469 Loaded shared library C:\Users\Admin\.openjfx\cache\21.0.3+2\amd64\prism_d3d.dll
Event: 3.556 Loaded shared library C:\Users\Admin\.openjfx\cache\21.0.3+2\amd64\glass.dll
Event: 4.070 Loaded shared library C:\Program Files\Greenfoot\jdk\bin\javajpeg.dll

Deoptimization events (20 events):
Event: 448.985 Thread 0x000001657d417140 DEOPT PACKING pc=0x000001655f05530c sp=0x00000057adbfdb70
Event: 448.985 Thread 0x000001657d417140 DEOPT UNPACKING pc=0x00000165663b4e42 sp=0x00000057adbfd090 mode 1
Event: 448.985 Thread 0x000001657d417140 DEOPT PACKING pc=0x000001655f0bf85c sp=0x00000057adbfdc50
Event: 448.985 Thread 0x000001657d417140 DEOPT UNPACKING pc=0x00000165663b4e42 sp=0x00000057adbfd170 mode 1
Event: 448.985 Thread 0x000001657d417140 DEOPT PACKING pc=0x000001655ef5685c sp=0x00000057adbfdd30
Event: 448.985 Thread 0x000001657d417140 DEOPT UNPACKING pc=0x00000165663b4e42 sp=0x00000057adbfd1c0 mode 1
Event: 448.985 Thread 0x000001657d417140 DEOPT PACKING pc=0x000001655ef08e24 sp=0x00000057adbfdd60
Event: 448.985 Thread 0x000001657d417140 DEOPT UNPACKING pc=0x00000165663b4e42 sp=0x00000057adbfd1c0 mode 1
Event: 448.985 Thread 0x000001657d417140 DEOPT PACKING pc=0x000001655ee43edc sp=0x00000057adbfddf0
Event: 448.985 Thread 0x000001657d417140 DEOPT UNPACKING pc=0x00000165663b4e42 sp=0x00000057adbfd2e0 mode 1
Event: 448.988 Thread 0x000001657d41b2e0 DEOPT PACKING pc=0x000001655f036751 sp=0x00000057aeefb0f0
Event: 448.988 Thread 0x000001657d41b2e0 DEOPT UNPACKING pc=0x00000165663b4e42 sp=0x00000057aeefa560 mode 1
Event: 448.990 Thread 0x000001657d41b2e0 DEOPT PACKING pc=0x000001655f036751 sp=0x00000057aeefb0f0
Event: 448.990 Thread 0x000001657d41b2e0 DEOPT UNPACKING pc=0x00000165663b4e42 sp=0x00000057aeefa560 mode 1
Event: 448.991 Thread 0x000001657d41b2e0 DEOPT PACKING pc=0x000001655f036751 sp=0x00000057aeefb0f0
Event: 448.991 Thread 0x000001657d41b2e0 DEOPT UNPACKING pc=0x00000165663b4e42 sp=0x00000057aeefa560 mode 1
Event: 448.992 Thread 0x000001657d41b2e0 DEOPT PACKING pc=0x000001655f036751 sp=0x00000057aeefb0f0
Event: 448.992 Thread 0x000001657d41b2e0 DEOPT UNPACKING pc=0x00000165663b4e42 sp=0x00000057aeefa560 mode 1
Event: 448.993 Thread 0x000001657d41b2e0 DEOPT PACKING pc=0x000001655f036751 sp=0x00000057aeefb0f0
Event: 448.993 Thread 0x000001657d41b2e0 DEOPT UNPACKING pc=0x00000165663b4e42 sp=0x00000057aeefa560 mode 1

Classes loaded (20 events):
Event: 4.071 Loading class javax/imageio/plugins/jpeg/JPEGHuffmanTable
Event: 4.071 Loading class javax/imageio/plugins/jpeg/JPEGHuffmanTable done
Event: 4.073 Loading class com/sun/imageio/plugins/jpeg/JPEGImageReader$CallBackLock
Event: 4.073 Loading class com/sun/imageio/plugins/jpeg/JPEGImageReader$CallBackLock done
Event: 4.074 Loading class com/sun/imageio/plugins/jpeg/JPEGImageReader$CallBackLock$State
Event: 4.074 Loading class com/sun/imageio/plugins/jpeg/JPEGImageReader$CallBackLock$State done
Event: 4.075 Loading class com/sun/imageio/plugins/jpeg/JPEGImageReader$JPEGReaderDisposerRecord
Event: 4.075 Loading class com/sun/imageio/plugins/jpeg/JPEGImageReader$JPEGReaderDisposerRecord done
Event: 4.075 Loading class javax/imageio/plugins/jpeg/JPEGImageReadParam
Event: 4.075 Loading class javax/imageio/plugins/jpeg/JPEGImageReadParam done
Event: 4.078 Loading class com/sun/imageio/plugins/jpeg/ImageTypeProducer
Event: 4.078 Loading class com/sun/imageio/plugins/jpeg/ImageTypeProducer done
Event: 4.079 Loading class com/sun/imageio/plugins/jpeg/ImageTypeIterator
Event: 4.080 Loading class com/sun/imageio/plugins/jpeg/ImageTypeIterator done
Event: 4.122 Loading class java/lang/StackTraceElement$HashedModules
Event: 4.122 Loading class java/lang/StackTraceElement$HashedModules done
Event: 4.423 Loading class java/util/LinkedList$ListItr
Event: 4.423 Loading class java/util/LinkedList$ListItr done
Event: 923.160 Loading class java/util/ArrayList$ListItr
Event: 923.160 Loading class java/util/ArrayList$ListItr done

Classes unloaded (20 events):
Event: 327.226 Thread 0x0000016578996a00 Unloading class 0x0000016501109338 'Paddle'
Event: 327.226 Thread 0x0000016578996a00 Unloading class 0x0000016501109000 'MyWorld'
Event: 374.564 Thread 0x0000016578996a00 Unloading class 0x0000016501100960 'Block'
Event: 374.564 Thread 0x0000016578996a00 Unloading class 0x0000016501100640 'Extra_Ball_Block'
Event: 374.564 Thread 0x0000016578996a00 Unloading class 0x0000016501100320 'TNT_Block'
Event: 374.564 Thread 0x0000016578996a00 Unloading class 0x0000016501100000 'Ball'
Event: 374.564 Thread 0x0000016578996a00 Unloading class 0x0000016501101338 'Paddle'
Event: 374.564 Thread 0x0000016578996a00 Unloading class 0x0000016501101000 'MyWorld'
Event: 382.340 Thread 0x0000016578996a00 Unloading class 0x0000016501108960 'Block'
Event: 382.340 Thread 0x0000016578996a00 Unloading class 0x0000016501108640 'Extra_Ball_Block'
Event: 382.340 Thread 0x0000016578996a00 Unloading class 0x0000016501108320 'TNT_Block'
Event: 382.340 Thread 0x0000016578996a00 Unloading class 0x0000016501108000 'Ball'
Event: 382.340 Thread 0x0000016578996a00 Unloading class 0x0000016501101b38 'Paddle'
Event: 382.340 Thread 0x0000016578996a00 Unloading class 0x0000016501101800 'MyWorld'
Event: 447.002 Thread 0x0000016578996a00 Unloading class 0x000001650110a000 'Block'
Event: 447.002 Thread 0x0000016578996a00 Unloading class 0x0000016501109c98 'Extra_Ball_Block'
Event: 447.002 Thread 0x0000016578996a00 Unloading class 0x0000016501109978 'TNT_Block'
Event: 447.002 Thread 0x0000016578996a00 Unloading class 0x0000016501109658 'Ball'
Event: 447.002 Thread 0x0000016578996a00 Unloading class 0x0000016501109338 'Paddle'
Event: 447.002 Thread 0x0000016578996a00 Unloading class 0x0000016501109000 'MyWorld'

Classes redefined (0 events):
No events

Internal exceptions (20 events):
Event: 2.440 Thread 0x00000165789c43f0 Exception <a 'java/lang/ClassNotFoundException'{0x000000069b62a638}: sun/net/www/protocol/c/Handler> (0x000000069b62a638) 
thrown [s\src\hotspot\share\classfile\systemDictionary.cpp, line 312]
Event: 2.507 Thread 0x00000165789c43f0 Exception <a 'java/lang/NoSuchMethodError'{0x000000069b68e380}: 'java.lang.Object java.lang.invoke.DirectMethodHandle$Holder.invokeStaticInit(java.lang.Object, int, int, int, int)'> (0x000000069b68e380) 
thrown [s\src\hotspot\share\interpreter\linkResolver.cpp, line 773]
Event: 2.546 Thread 0x00000165789c43f0 Exception <a 'java/lang/NoSuchMethodError'{0x000000069b757528}: 'java.lang.Object java.lang.invoke.DirectMethodHandle$Holder.invokeStaticInit(java.lang.Object, java.lang.Object, int, int, int, int)'> (0x000000069b757528) 
thrown [s\src\hotspot\share\interpreter\linkResolver.cpp, line 773]
Event: 2.656 Thread 0x000001657d4177d0 Exception <a 'java/lang/NoSuchMethodError'{0x000000069b03acf0}: 'void java.lang.invoke.DirectMethodHandle$Holder.invokeSpecial(java.lang.Object, java.lang.Object, java.lang.Object)'> (0x000000069b03acf0) 
thrown [s\src\hotspot\share\interpreter\linkResolver.cpp, line 773]
Event: 2.659 Thread 0x000001657d4177d0 Exception <a 'java/lang/NoSuchMethodError'{0x000000069b045068}: 'void java.lang.invoke.DirectMethodHandle$Holder.invokeStatic(java.lang.Object, java.lang.Object, java.lang.Object)'> (0x000000069b045068) 
thrown [s\src\hotspot\share\interpreter\linkResolver.cpp, line 773]
Event: 2.750 Thread 0x000001657d41b2e0 Exception <a 'java/lang/NoSuchMethodError'{0x000000069b141680}: 'java.lang.Object java.lang.invoke.DirectMethodHandle$Holder.invokeStatic(java.lang.Object, int, java.lang.Object)'> (0x000000069b141680) 
thrown [s\src\hotspot\share\interpreter\linkResolver.cpp, line 773]
Event: 2.761 Thread 0x000001657d41b2e0 Exception <a 'java/lang/ClassNotFoundException'{0x000000069b152218}: sun/util/logging/resources/spi/loggingProvider> (0x000000069b152218) 
thrown [s\src\hotspot\share\classfile\systemDictionary.cpp, line 312]
Event: 3.506 Thread 0x000001657d41b2e0 Exception <a 'java/lang/NoSuchMethodError'{0x000000069bf0aed0}: 'int java.lang.invoke.DirectMethodHandle$Holder.invokeStaticInit(java.lang.Object, java.lang.Object, java.lang.Object)'> (0x000000069bf0aed0) 
thrown [s\src\hotspot\share\interpreter\linkResolver.cpp, line 773]
Event: 3.571 Thread 0x000001657d41b2e0 Exception <a 'java/lang/NoSuchMethodError'{0x000000069bfa0b20}: 'java.lang.Object java.lang.invoke.DirectMethodHandle$Holder.newInvokeSpecial(java.lang.Object, java.lang.Object, int, java.lang.Object)'> (0x000000069bfa0b20) 
thrown [s\src\hotspot\share\interpreter\linkResolver.cpp, line 773]
Event: 3.572 Thread 0x000001657d41b2e0 Exception <a 'java/lang/NoSuchMethodError'{0x000000069bfa47e8}: 'java.lang.Object java.lang.invoke.DirectMethodHandle$Holder.invokeSpecial(java.lang.Object, java.lang.Object, java.lang.Object, int, java.lang.Object)'> (0x000000069bfa47e8) 
thrown [s\src\hotspot\share\interpreter\linkResolver.cpp, line 773]
Event: 3.573 Thread 0x000001657d41b2e0 Exception <a 'java/lang/NoSuchMethodError'{0x000000069bfab288}: 'void java.lang.invoke.DirectMethodHandle$Holder.invokeSpecial(java.lang.Object, java.lang.Object, int, java.lang.Object)'> (0x000000069bfab288) 
thrown [s\src\hotspot\share\interpreter\linkResolver.cpp, line 773]
Event: 3.697 Thread 0x000001657d41c000 Exception <a 'java/lang/NoSuchMethodError'{0x000000069b9bff20}: 'void java.lang.invoke.DirectMethodHandle$Holder.invokeStaticInit(java.lang.Object)'> (0x000000069b9bff20) 
thrown [s\src\hotspot\share\interpreter\linkResolver.cpp, line 773]
Event: 3.717 Thread 0x000001657d4177d0 Exception <a 'java/lang/NoSuchMethodError'{0x000000069b9e9728}: 'int java.lang.invoke.DirectMethodHandle$Holder.invokeSpecial(java.lang.Object, java.lang.Object, java.lang.Object, int)'> (0x000000069b9e9728) 
thrown [s\src\hotspot\share\interpreter\linkResolver.cpp, line 773]
Event: 3.719 Thread 0x000001657d4177d0 Exception <a 'java/lang/NoSuchMethodError'{0x000000069b9fb9c8}: 'java.lang.Object java.lang.invoke.DirectMethodHandle$Holder.invokeStatic(java.lang.Object, java.lang.Object, java.lang.Object, java.lang.Object, int)'> (0x000000069b9fb9c8) 
thrown [s\src\hotspot\share\interpreter\linkResolver.cpp, line 773]
Event: 3.722 Thread 0x000001657d4177d0 Exception <a 'java/lang/NoSuchMethodError'{0x000000069ba03268}: 'long java.lang.invoke.DirectMethodHandle$Holder.invokeStatic(java.lang.Object, java.lang.Object, int)'> (0x000000069ba03268) 
thrown [s\src\hotspot\share\interpreter\linkResolver.cpp, line 773]
Event: 3.725 Thread 0x000001657d4177d0 Exception <a 'java/lang/NoSuchMethodError'{0x000000069ba0db20}: 'java.lang.Object java.lang.invoke.DelegatingMethodHandle$Holder.reinvoke_L(java.lang.Object, int, long, java.lang.Object, java.lang.Object, int, java.lang.Object)'> (0x000000069ba0db20) 
thrown [s\src\hotspot\share\interpreter\linkResolver.cpp, line 773]
Event: 3.779 Thread 0x000001657d4177d0 Implicit null exception at 0x000001656693f8a1 to 0x000001656693fffc
Event: 3.779 Thread 0x000001657d4177d0 Implicit null exception at 0x000001656693cd21 to 0x000001656693d448
Event: 387.760 Thread 0x000001657d41b2e0 Exception <a 'java/lang/InterruptedException'{0x0000000686943368}: sleep interrupted> (0x0000000686943368) 
thrown [s\src\hotspot\share\prims\jvm.cpp, line 3074]
Event: 388.947 Thread 0x000001657d41b2e0 Implicit null exception at 0x00000165669775eb to 0x00000165669780fc

ZGC Phase Switch (0 events):
No events

VM Operations (20 events):
Event: 448.013 Executing VM operation: Cleanup
Event: 448.013 Executing VM operation: Cleanup done
Event: 448.818 Executing VM operation: G1CollectFull (System.gc())
Event: 448.839 Executing VM operation: G1CollectFull (System.gc()) done
Event: 449.032 Executing VM operation: get/set locals
Event: 449.032 Executing VM operation: get/set locals done
Event: 449.035 Executing VM operation: get/set locals
Event: 449.035 Executing VM operation: get/set locals done
Event: 449.045 Executing VM operation: G1CollectFull (System.gc())
Event: 449.059 Executing VM operation: G1CollectFull (System.gc()) done
Event: 454.883 Executing VM operation: G1CollectFull (System.gc())
Event: 454.902 Executing VM operation: G1CollectFull (System.gc()) done
Event: 481.041 Executing VM operation: HandshakeAllThreads (HandshakeForDeflation)
Event: 481.041 Executing VM operation: HandshakeAllThreads (HandshakeForDeflation) done
Event: 481.041 Executing VM operation: RendezvousGCThreads
Event: 481.041 Executing VM operation: RendezvousGCThreads done
Event: 923.161 Executing VM operation: HandshakeAllThreads (Deoptimize)
Event: 923.161 Executing VM operation: HandshakeAllThreads (Deoptimize) done
Event: 923.161 Executing VM operation: Cleanup
Event: 923.161 Executing VM operation: Cleanup done

Memory protections (0 events):
No events

Nmethod flushes (20 events):
Event: 388.983 Thread 0x0000016578996a00 flushing  nmethod 0x000001655ef3a110
Event: 388.983 Thread 0x0000016578996a00 flushing  nmethod 0x000001655ef42510
Event: 388.983 Thread 0x0000016578996a00 flushing  nmethod 0x000001655ef63a90
Event: 388.983 Thread 0x0000016578996a00 flushing  nmethod 0x000001655ef9ce10
Event: 388.983 Thread 0x0000016578996a00 flushing  nmethod 0x000001655efa8390
Event: 388.983 Thread 0x0000016578996a00 flushing  nmethod 0x000001655efa8a10
Event: 388.983 Thread 0x0000016578996a00 flushing  nmethod 0x000001655efc3810
Event: 388.983 Thread 0x0000016578996a00 flushing  nmethod 0x000001655f03ea10
Event: 388.983 Thread 0x0000016578996a00 flushing osr nmethod 0x000001655f046e10
Event: 388.983 Thread 0x0000016578996a00 flushing  nmethod 0x000001655f054910
Event: 388.983 Thread 0x0000016578996a00 flushing  nmethod 0x000001655f0e0390
Event: 388.983 Thread 0x0000016578996a00 flushing  nmethod 0x000001655f0eff90
Event: 388.983 Thread 0x0000016578996a00 flushing  nmethod 0x000001655f0f0890
Event: 388.983 Thread 0x0000016578996a00 flushing  nmethod 0x000001655f0f1690
Event: 388.983 Thread 0x0000016578996a00 flushing  nmethod 0x000001655f0f1e10
Event: 388.983 Thread 0x0000016578996a00 flushing  nmethod 0x000001655f0f3010
Event: 446.446 Thread 0x0000016578996a00 flushing  nmethod 0x0000016566977210
Event: 448.831 Thread 0x0000016578996a00 flushing  nmethod 0x000001655ee37910
Event: 454.892 Thread 0x0000016578996a00 flushing  nmethod 0x000001655ef09b90
Event: 454.892 Thread 0x0000016578996a00 flushing  nmethod 0x000001655ef13010

Events (20 events):
Event: 2.339 Thread 0x00000165789c6b50 Thread added: 0x000001657d417e60
Event: 2.339 Thread 0x00000165789c6b50 Thread exited: 0x00000165789c6b50
Event: 2.413 Thread 0x00000165789d5640 Thread added: 0x000001657d491ed0
Event: 2.590 Thread 0x00000165789c71e0 Thread added: 0x000001657d417140
Event: 2.623 Thread 0x00000165789c43f0 Thread added: 0x000001657d4177d0
Event: 2.624 Thread 0x00000165789c43f0 Thread exited: 0x00000165789c43f0
Event: 2.660 Thread 0x000001657d4177d0 Thread added: 0x000001657d41b2e0
Event: 3.108 Thread 0x000001657d491ed0 Thread exited: 0x000001657d491ed0
Event: 3.444 Thread 0x000001657d41b2e0 Thread added: 0x000001657d4184f0
Event: 3.563 Thread 0x000001657d41b2e0 Thread added: 0x000001657d41b970
Event: 3.574 Thread 0x000001657d41b2e0 Thread added: 0x000001657d41c000
Event: 3.680 Thread 0x000001657d417140 Thread exited: 0x000001657d417140
Event: 3.719 Thread 0x000001657d41b2e0 Thread exited: 0x000001657d41b2e0
Event: 3.724 Thread 0x000001657d418b80 Thread added: 0x000001657d418b80
Event: 3.735 Thread 0x000001657d4177d0 Thread added: 0x000001657d417140
Event: 3.850 Thread 0x000001657d4177d0 Thread added: 0x000001657d41c690
Event: 3.904 Thread 0x000001657d4177d0 Thread added: 0x000001657d41b2e0
Event: 3.905 Thread 0x000001657d4177d0 Thread exited: 0x000001657d4177d0
Event: 923.004 Thread 0x00000165789c71e0 Thread added: 0x000001657d419210
Event: 923.158 Thread 0x00000165789c71e0 Thread added: 0x000001657d419f30


Dynamic libraries:
0x00007ff7688e0000 - 0x00007ff7688ee000 	C:\Program Files\Greenfoot\jdk\bin\java.exe
0x00007ffc43aa0000 - 0x00007ffc43d07000 	C:\WINDOWS\SYSTEM32\ntdll.dll
0x00007ffc41cd0000 - 0x00007ffc41d99000 	C:\WINDOWS\System32\KERNEL32.DLL
0x00007ffc40ca0000 - 0x00007ffc4108f000 	C:\WINDOWS\System32\KERNELBASE.dll
0x00007ffc41350000 - 0x00007ffc4149b000 	C:\WINDOWS\System32\ucrtbase.dll
0x00007ffc2ef40000 - 0x00007ffc2ef5b000 	C:\Program Files\Greenfoot\jdk\bin\VCRUNTIME140.dll
0x00007ffc2b810000 - 0x00007ffc2b828000 	C:\Program Files\Greenfoot\jdk\bin\jli.dll
0x00007ffc432e0000 - 0x00007ffc434a5000 	C:\WINDOWS\System32\USER32.dll
0x00007ffc2b550000 - 0x00007ffc2b7e3000 	C:\WINDOWS\WinSxS\amd64_microsoft.windows.common-controls_6595b64144ccf1df_6.0.26100.7309_none_3e05feeae336a044\COMCTL32.dll
0x00007ffc414a0000 - 0x00007ffc414c7000 	C:\WINDOWS\System32\win32u.dll
0x00007ffc43a30000 - 0x00007ffc43a5b000 	C:\WINDOWS\System32\GDI32.dll
0x00007ffc438b0000 - 0x00007ffc43959000 	C:\WINDOWS\System32\msvcrt.dll
0x00007ffc41710000 - 0x00007ffc4183c000 	C:\WINDOWS\System32\gdi32full.dll
0x00007ffc410a0000 - 0x00007ffc41143000 	C:\WINDOWS\System32\msvcp_win.dll
0x00007ffc42f80000 - 0x00007ffc42fb1000 	C:\WINDOWS\System32\IMM32.DLL
0x00007ffc2eac0000 - 0x00007ffc2eacc000 	C:\Program Files\Greenfoot\jdk\bin\vcruntime140_1.dll
0x00007ffbe21e0000 - 0x00007ffbe226e000 	C:\Program Files\Greenfoot\jdk\bin\msvcp140.dll
0x00007ffbdc370000 - 0x00007ffbdd0f8000 	C:\Program Files\Greenfoot\jdk\bin\server\jvm.dll
0x00007ffc42a00000 - 0x00007ffc42ab4000 	C:\WINDOWS\System32\ADVAPI32.dll
0x00007ffc42d80000 - 0x00007ffc42e26000 	C:\WINDOWS\System32\sechost.dll
0x00007ffc435b0000 - 0x00007ffc436c8000 	C:\WINDOWS\System32\RPCRT4.dll
0x00007ffc42ac0000 - 0x00007ffc42b34000 	C:\WINDOWS\System32\WS2_32.dll
0x00007ffc40a50000 - 0x00007ffc40aae000 	C:\WINDOWS\SYSTEM32\POWRPROF.dll
0x00007ffc2b4d0000 - 0x00007ffc2b505000 	C:\WINDOWS\SYSTEM32\WINMM.dll
0x00007ffc34b30000 - 0x00007ffc34b3b000 	C:\WINDOWS\SYSTEM32\VERSION.dll
0x00007ffc40a30000 - 0x00007ffc40a44000 	C:\WINDOWS\SYSTEM32\UMPDC.dll
0x00007ffc3f960000 - 0x00007ffc3f97b000 	C:\WINDOWS\SYSTEM32\kernel.appcore.dll
0x00007ffc2ea00000 - 0x00007ffc2ea0a000 	C:\Program Files\Greenfoot\jdk\bin\jimage.dll
0x00007ffc3a880000 - 0x00007ffc3aac2000 	C:\WINDOWS\SYSTEM32\DBGHELP.DLL
0x00007ffc41dd0000 - 0x00007ffc42155000 	C:\WINDOWS\System32\combase.dll
0x00007ffc42e30000 - 0x00007ffc42f06000 	C:\WINDOWS\System32\OLEAUT32.dll
0x00007ffc1ad40000 - 0x00007ffc1ad7c000 	C:\WINDOWS\SYSTEM32\dbgcore.DLL
0x00007ffc40bf0000 - 0x00007ffc40c95000 	C:\WINDOWS\System32\bcryptPrimitives.dll
0x00007ffc092c0000 - 0x00007ffc092fc000 	C:\Program Files\Greenfoot\jdk\bin\jdwp.dll
0x00007ffc2b420000 - 0x00007ffc2b43f000 	C:\Program Files\Greenfoot\jdk\bin\java.dll
0x00007ffc422a0000 - 0x00007ffc429f3000 	C:\WINDOWS\System32\SHELL32.dll
0x00007ffc411e0000 - 0x00007ffc4134a000 	C:\WINDOWS\System32\wintypes.dll
0x00007ffc3e7d0000 - 0x00007ffc3f02e000 	C:\WINDOWS\SYSTEM32\windows.storage.dll
0x00007ffc421a0000 - 0x00007ffc42295000 	C:\WINDOWS\System32\SHCORE.dll
0x00007ffc43270000 - 0x00007ffc432d6000 	C:\WINDOWS\System32\shlwapi.dll
0x00007ffc40b10000 - 0x00007ffc40b39000 	C:\WINDOWS\SYSTEM32\profapi.dll
0x00007ffbe0820000 - 0x00007ffbe08f7000 	C:\Program Files\Greenfoot\jdk\bin\jsvml.dll
0x00007ffc2d840000 - 0x00007ffc2d84b000 	C:\Program Files\Greenfoot\jdk\bin\dt_shmem.dll
0x00007ffc2e300000 - 0x00007ffc2e310000 	C:\Program Files\Greenfoot\jdk\bin\net.dll
0x00007ffc306f0000 - 0x00007ffc30818000 	C:\WINDOWS\SYSTEM32\WINHTTP.dll
0x00007ffc3feb0000 - 0x00007ffc3ff1b000 	C:\WINDOWS\system32\mswsock.dll
0x00007ffc2a040000 - 0x00007ffc2a056000 	C:\Program Files\Greenfoot\jdk\bin\nio.dll
0x00007ffc2a010000 - 0x00007ffc2a028000 	C:\Program Files\Greenfoot\jdk\bin\zip.dll
0x00007ffbdf420000 - 0x00007ffbdf5ae000 	C:\Program Files\Greenfoot\jdk\bin\awt.dll
0x00007ffc3a000000 - 0x00007ffc3a09f000 	C:\WINDOWS\SYSTEM32\apphelp.dll
0x00007ffc3a190000 - 0x00007ffc3a23b000 	C:\WINDOWS\system32\uxtheme.dll
0x00007ffc42fc0000 - 0x00007ffc4311e000 	C:\WINDOWS\System32\MSCTF.dll
0x00007ffc42be0000 - 0x00007ffc42d77000 	C:\WINDOWS\System32\ole32.dll
0x00007ffc402a0000 - 0x00007ffc402bb000 	C:\WINDOWS\SYSTEM32\CRYPTSP.dll
0x00007ffc3f8c0000 - 0x00007ffc3f8fa000 	C:\WINDOWS\system32\rsaenh.dll
0x00007ffc3ff60000 - 0x00007ffc3ff8b000 	C:\WINDOWS\SYSTEM32\USERENV.dll
0x00007ffc40ae0000 - 0x00007ffc40b0a000 	C:\WINDOWS\SYSTEM32\bcrypt.dll
0x00007ffc40100000 - 0x00007ffc4010c000 	C:\WINDOWS\SYSTEM32\CRYPTBASE.dll
0x00007ffc3f350000 - 0x00007ffc3f384000 	C:\WINDOWS\SYSTEM32\IPHLPAPI.DLL
0x00007ffc42190000 - 0x00007ffc4219a000 	C:\WINDOWS\System32\NSI.dll
0x00007ffc3a420000 - 0x00007ffc3a450000 	C:\WINDOWS\system32\DWMAPI.DLL
0x00007ffc12d30000 - 0x00007ffc12e40000 	C:\WINDOWS\system32\opengl32.dll
0x00007ffc12cc0000 - 0x00007ffc12ced000 	C:\WINDOWS\SYSTEM32\GLU32.dll
0x00007ffc3a470000 - 0x00007ffc3a4b4000 	C:\WINDOWS\SYSTEM32\dxcore.dll
0x0000016578f50000 - 0x0000016578f53000 	C:\Users\Admin\.openjfx\cache\21.0.3+2\amd64\api-ms-win-core-console-l1-1-0.dll
0x0000016578f60000 - 0x0000016578f63000 	C:\Users\Admin\.openjfx\cache\21.0.3+2\amd64\api-ms-win-core-console-l1-2-0.dll
0x0000016578f70000 - 0x0000016578f73000 	C:\Users\Admin\.openjfx\cache\21.0.3+2\amd64\api-ms-win-core-datetime-l1-1-0.dll
0x0000016578f80000 - 0x0000016578f83000 	C:\Users\Admin\.openjfx\cache\21.0.3+2\amd64\api-ms-win-core-debug-l1-1-0.dll
0x0000016578f90000 - 0x0000016578f93000 	C:\Users\Admin\.openjfx\cache\21.0.3+2\amd64\api-ms-win-core-errorhandling-l1-1-0.dll
0x0000016578fa0000 - 0x0000016578fa4000 	C:\Users\Admin\.openjfx\cache\21.0.3+2\amd64\api-ms-win-core-file-l1-1-0.dll
0x0000016578fb0000 - 0x0000016578fb3000 	C:\Users\Admin\.openjfx\cache\21.0.3+2\amd64\api-ms-win-core-file-l1-2-0.dll
0x0000016578fc0000 - 0x0000016578fc3000 	C:\Users\Admin\.openjfx\cache\21.0.3+2\amd64\api-ms-win-core-file-l2-1-0.dll
0x0000016578fd0000 - 0x0000016578fd3000 	C:\Users\Admin\.openjfx\cache\21.0.3+2\amd64\api-ms-win-core-handle-l1-1-0.dll
0x0000016578ff0000 - 0x0000016578ff3000 	C:\Users\Admin\.openjfx\cache\21.0.3+2\amd64\api-ms-win-core-heap-l1-1-0.dll
0x000001657eda0000 - 0x000001657eda3000 	C:\Users\Admin\.openjfx\cache\21.0.3+2\amd64\api-ms-win-core-interlocked-l1-1-0.dll
0x000001657edb0000 - 0x000001657edb3000 	C:\Users\Admin\.openjfx\cache\21.0.3+2\amd64\api-ms-win-core-libraryloader-l1-1-0.dll
0x000001657edc0000 - 0x000001657edc3000 	C:\Users\Admin\.openjfx\cache\21.0.3+2\amd64\api-ms-win-core-localization-l1-2-0.dll
0x000001657edd0000 - 0x000001657edd3000 	C:\Users\Admin\.openjfx\cache\21.0.3+2\amd64\api-ms-win-core-memory-l1-1-0.dll
0x000001657ede0000 - 0x000001657ede3000 	C:\Users\Admin\.openjfx\cache\21.0.3+2\amd64\api-ms-win-core-namedpipe-l1-1-0.dll
0x000001657edf0000 - 0x000001657edf3000 	C:\Users\Admin\.openjfx\cache\21.0.3+2\amd64\api-ms-win-core-processenvironment-l1-1-0.dll
0x000001657ee00000 - 0x000001657ee03000 	C:\Users\Admin\.openjfx\cache\21.0.3+2\amd64\api-ms-win-core-processthreads-l1-1-0.dll
0x000001657ee10000 - 0x000001657ee13000 	C:\Users\Admin\.openjfx\cache\21.0.3+2\amd64\api-ms-win-core-processthreads-l1-1-1.dll
0x000001657ee20000 - 0x000001657ee23000 	C:\Users\Admin\.openjfx\cache\21.0.3+2\amd64\api-ms-win-core-profile-l1-1-0.dll
0x000001657ee30000 - 0x000001657ee33000 	C:\Users\Admin\.openjfx\cache\21.0.3+2\amd64\api-ms-win-core-rtlsupport-l1-1-0.dll
0x000001657ee40000 - 0x000001657ee43000 	C:\Users\Admin\.openjfx\cache\21.0.3+2\amd64\api-ms-win-core-string-l1-1-0.dll
0x000001657ee50000 - 0x000001657ee53000 	C:\Users\Admin\.openjfx\cache\21.0.3+2\amd64\api-ms-win-core-synch-l1-1-0.dll
0x000001657ee60000 - 0x000001657ee63000 	C:\Users\Admin\.openjfx\cache\21.0.3+2\amd64\api-ms-win-core-synch-l1-2-0.dll
0x000001657ee70000 - 0x000001657ee73000 	C:\Users\Admin\.openjfx\cache\21.0.3+2\amd64\api-ms-win-core-sysinfo-l1-1-0.dll
0x000001657ee80000 - 0x000001657ee83000 	C:\Users\Admin\.openjfx\cache\21.0.3+2\amd64\api-ms-win-core-timezone-l1-1-0.dll
0x000001657ee90000 - 0x000001657ee93000 	C:\Users\Admin\.openjfx\cache\21.0.3+2\amd64\api-ms-win-core-util-l1-1-0.dll
0x000001657eea0000 - 0x000001657eea3000 	C:\Users\Admin\.openjfx\cache\21.0.3+2\amd64\api-ms-win-crt-conio-l1-1-0.dll
0x000001657eeb0000 - 0x000001657eeb4000 	C:\Users\Admin\.openjfx\cache\21.0.3+2\amd64\api-ms-win-crt-convert-l1-1-0.dll
0x000001657eec0000 - 0x000001657eec3000 	C:\Users\Admin\.openjfx\cache\21.0.3+2\amd64\api-ms-win-crt-environment-l1-1-0.dll
0x000001657eed0000 - 0x000001657eed3000 	C:\Users\Admin\.openjfx\cache\21.0.3+2\amd64\api-ms-win-crt-filesystem-l1-1-0.dll
0x000001657eee0000 - 0x000001657eee3000 	C:\Users\Admin\.openjfx\cache\21.0.3+2\amd64\api-ms-win-crt-heap-l1-1-0.dll
0x000001657eef0000 - 0x000001657eef3000 	C:\Users\Admin\.openjfx\cache\21.0.3+2\amd64\api-ms-win-crt-locale-l1-1-0.dll
0x000001657ef00000 - 0x000001657ef05000 	C:\Users\Admin\.openjfx\cache\21.0.3+2\amd64\api-ms-win-crt-math-l1-1-0.dll
0x000001657ef10000 - 0x000001657ef15000 	C:\Users\Admin\.openjfx\cache\21.0.3+2\amd64\api-ms-win-crt-multibyte-l1-1-0.dll
0x000001657ef20000 - 0x000001657ef30000 	C:\Users\Admin\.openjfx\cache\21.0.3+2\amd64\api-ms-win-crt-private-l1-1-0.dll
0x000001657ef30000 - 0x000001657ef33000 	C:\Users\Admin\.openjfx\cache\21.0.3+2\amd64\api-ms-win-crt-process-l1-1-0.dll
0x000001657ef40000 - 0x000001657ef44000 	C:\Users\Admin\.openjfx\cache\21.0.3+2\amd64\api-ms-win-crt-runtime-l1-1-0.dll
0x000001657ef50000 - 0x000001657ef54000 	C:\Users\Admin\.openjfx\cache\21.0.3+2\amd64\api-ms-win-crt-stdio-l1-1-0.dll
0x000001657ef60000 - 0x000001657ef64000 	C:\Users\Admin\.openjfx\cache\21.0.3+2\amd64\api-ms-win-crt-string-l1-1-0.dll
0x000001657ef70000 - 0x000001657ef73000 	C:\Users\Admin\.openjfx\cache\21.0.3+2\amd64\api-ms-win-crt-time-l1-1-0.dll
0x000001657ef80000 - 0x000001657ef83000 	C:\Users\Admin\.openjfx\cache\21.0.3+2\amd64\api-ms-win-crt-utility-l1-1-0.dll
0x00007ffbe0720000 - 0x00007ffbe081c000 	C:\Users\Admin\.openjfx\cache\21.0.3+2\amd64\ucrtbase.dll
0x00007ffc29a90000 - 0x00007ffc29aab000 	C:\Users\Admin\.openjfx\cache\21.0.3+2\amd64\vcruntime140.dll
0x00007ffc2e2b0000 - 0x00007ffc2e2bc000 	C:\Users\Admin\.openjfx\cache\21.0.3+2\amd64\vcruntime140_1.dll
0x00007ffbe0690000 - 0x00007ffbe071e000 	C:\Users\Admin\.openjfx\cache\21.0.3+2\amd64\msvcp140.dll
0x00007ffc2e270000 - 0x00007ffc2e279000 	C:\Users\Admin\.openjfx\cache\21.0.3+2\amd64\msvcp140_1.dll
0x00007ffc1baa0000 - 0x00007ffc1bae1000 	C:\Users\Admin\.openjfx\cache\21.0.3+2\amd64\msvcp140_2.dll
0x00007ffc1ba30000 - 0x00007ffc1ba60000 	C:\Users\Admin\.openjfx\cache\21.0.3+2\amd64\prism_d3d.dll
0x00007ffbdf8c0000 - 0x00007ffbdfa73000 	C:\WINDOWS\system32\d3d9.dll
0x00007ffbdf710000 - 0x00007ffbdf8bd000 	C:\WINDOWS\System32\DriverStore\FileRepository\iigd_dch.inf_amd64_95fe435b2caddb3e\igdumdim64.dll
0x00007ffbd8e90000 - 0x00007ffbdbf34000 	C:\WINDOWS\System32\DriverStore\FileRepository\iigd_dch.inf_amd64_95fe435b2caddb3e\igd9dxva64.dll
0x00007ffc41840000 - 0x00007ffc41cca000 	C:\WINDOWS\System32\SETUPAPI.dll
0x00007ffc40730000 - 0x00007ffc40787000 	C:\WINDOWS\SYSTEM32\cfgmgr32.dll
0x00007ffc34f10000 - 0x00007ffc35319000 	C:\WINDOWS\System32\DriverStore\FileRepository\iigd_dch.inf_amd64_95fe435b2caddb3e\igdgmm64.dll
0x00007ffc36fa0000 - 0x00007ffc37003000 	C:\WINDOWS\SYSTEM32\directxdatabasehelper.dll
0x00007ffc02940000 - 0x00007ffc02982000 	C:\Users\Admin\.openjfx\cache\21.0.3+2\amd64\glass.dll
0x00007ffc434b0000 - 0x00007ffc435a0000 	C:\WINDOWS\System32\COMDLG32.dll
0x00007ffbe91d0000 - 0x00007ffbe91f7000 	C:\WINDOWS\System32\DriverStore\FileRepository\iigd_dch.inf_amd64_95fe435b2caddb3e\igdinfo64.dll
0x00007ffc312f0000 - 0x00007ffc34a86000 	C:\WINDOWS\System32\DriverStore\FileRepository\iigd_dch.inf_amd64_95fe435b2caddb3e\igc64.dll
0x00007ffc085d0000 - 0x00007ffc085fe000 	C:\Program Files\Greenfoot\jdk\bin\javajpeg.dll

dbghelp: loaded successfully - version: 4.0.5 - missing functions: none
symbol engine: initialized successfully - sym options: 0x614 - pdb path: .;C:\Program Files\Greenfoot\jdk\bin;C:\WINDOWS\SYSTEM32;C:\WINDOWS\WinSxS\amd64_microsoft.windows.common-controls_6595b64144ccf1df_6.0.26100.7309_none_3e05feeae336a044;C:\Program Files\Greenfoot\jdk\bin\server;C:\Users\Admin\.openjfx\cache\21.0.3+2\amd64;C:\WINDOWS\System32\DriverStore\FileRepository\iigd_dch.inf_amd64_95fe435b2caddb3e

VM Arguments:
jvm_args: -XX:MaxGCPauseMillis=50 -agentlib:jdwp=transport=dt_shmem,address=javadebug -Dfile.encoding=UTF-8 
java_command: bluej.runtime.ExecServer UTF-8
java_class_path (initial): C:\Program Files\Greenfoot\lib\greenfoot.jar;C:\Program Files\Greenfoot\lib\javafx-base-21.0.3-win.jar;C:\Program Files\Greenfoot\lib\javafx-controls-21.0.3-win.jar;C:\Program Files\Greenfoot\lib\javafx-fxml-21.0.3-win.jar;C:\Program Files\Greenfoot\lib\javafx-graphics-21.0.3-win.jar;C:\Program Files\Greenfoot\lib\javafx-media-21.0.3-win.jar;C:\Program Files\Greenfoot\lib\javafx-swing-21.0.3-win.jar;C:\Program Files\Greenfoot\lib\javafx-web-21.0.3-win.jar;C:\Program Files\Greenfoot\lib\junit-4.12.jar;C:\Program Files\Greenfoot\lib\junit-jupiter-5.5.2.jar;C:\Program Files\Greenfoot\lib\junit-jupiter-api-5.5.2.jar;C:\Program Files\Greenfoot\lib\junit-jupiter-engine-5.5.2.jar;C:\Program Files\Greenfoot\lib\junit-jupiter-params-5.5.2.jar;C:\Program Files\Greenfoot\lib\junit-platform-commons-1.5.2.jar;C:\Program Files\Greenfoot\lib\junit-platform-engine-1.5.2.jar;C:\Program Files\Greenfoot\lib\junit-platform-launcher-1.5.2.jar;C:\Program Files\Greenfoot\lib\junit-platform-suite-api-1.5.2.jar;C:\Program Files\Greenfoot\lib\junit-vintage-engine-5.5.2.jar;C:\Program Files\Greenfoot\lib\hamcrest-core-1.3.jar;C:\Program Files\Greenfoot\lib\opentest4j-1.2.0.jar;C:\Program Files\Greenfoot\lib\bluej.jar;C:\Program Files\Greenfoot\lib\classgraph-4.8.90.jar;C:\Program Files\Greenfoot\lib\diffutils-1.2.1.jar;C:\Program Files\Greenfoot\lib\commons-logging-1.2.jar;C:\Program Files\Greenfoot\lib\jl1.0.1.jar;C:\Program Files\Greenfoot\lib\opencsv-2.3.jar;C:\Program Files\Greenfoot\lib\opencsv-2.4.jar;C:\Program Files\Greenfoot\lib\xom-1.3.9.jar;C:\Program Files\Greenfoot\lib\lang-stride.jar;C:\Program Files\Greenfoot\lib\nsmenufx-3.1.0.jar;C:\Program Files\Greenfoot\lib\wellbehavedfx-0.3.3.jar;C:\Program Files\Greenfoot\lib\guava-33.3.1-jre.jar;C:\Program Files\Greenfoot\lib\failureaccess-1.0.2.jar;C:\Program Files\Greenfoot\lib\simple-png-0.2.0.jar;C:\Program Files\Greenfoot\lib\simple-png-javafx-0.2.0.jar;C:\Program Files\Greenfoot\lib\httpclient-4.5.13.jar;C:\Program Files\Greenfoot\lib\httpcore-4.4.13.jar;C:\Program Files\Greenfoot\lib\httpmime-4.1.1.jar;C:\Program Files\Greenfoot\lib\javafx\javafx.base.jar;C:\Program Files\Greenfoot\lib\javafx\javafx.controls.jar;C:\Program Files\Greenfoot\lib\javafx\javafx.fxml.jar;C:\Program Files\Greenfoot\lib\javafx\javafx.graphics.jar;C:\Program Files\Greenfoot\lib\javafx\javafx.media.jar;C:\Program Files\Greenfoot\lib\javafx\javafx.properties.jar;C:\Program Files\Greenfoot\lib\javafx\javafx.swing.jar;C:\Program Files\Greenfoot\lib\javafx\javafx.web.jar
Launcher Type: SUN_STANDARD

[Global flags]
     intx CICompilerCount                          = 4                                         {product} {ergonomic}
     uint ConcGCThreads                            = 2                                         {product} {ergonomic}
     uint G1ConcRefinementThreads                  = 8                                         {product} {ergonomic}
   size_t G1HeapRegionSize                         = 4194304                                   {product} {ergonomic}
    uintx GCDrainStackTargetSize                   = 64                                        {product} {ergonomic}
   size_t InitialHeapSize                          = 398458880                                 {product} {ergonomic}
   size_t MarkStackSize                            = 4194304                                   {product} {ergonomic}
    uintx MaxGCPauseMillis                         = 50                                        {product} {command line}
   size_t MaxHeapSize                              = 6371147776                                {product} {ergonomic}
   size_t MaxNewSize                               = 3821010944                                {product} {ergonomic}
   size_t MinHeapDeltaBytes                        = 4194304                                   {product} {ergonomic}
   size_t MinHeapSize                              = 8388608                                   {product} {ergonomic}
    uintx NonNMethodCodeHeapSize                   = 5839372                                {pd product} {ergonomic}
    uintx NonProfiledCodeHeapSize                  = 122909434                              {pd product} {ergonomic}
    uintx ProfiledCodeHeapSize                     = 122909434                              {pd product} {ergonomic}
    uintx ReservedCodeCacheSize                    = 251658240                              {pd product} {ergonomic}
     bool SegmentedCodeCache                       = true                                      {product} {ergonomic}
   size_t SoftMaxHeapSize                          = 6371147776                             {manageable} {ergonomic}
     bool UseCompressedOops                        = true                           {product lp64_product} {ergonomic}
     bool UseG1GC                                  = true                                      {product} {ergonomic}
     bool UseLargePagesIndividualAllocation        = false                                  {pd product} {ergonomic}

Logging:
Log output configuration:
 #0: stdout all=warning uptime,level,tags foldmultilines=false
 #1: stderr all=off uptime,level,tags foldmultilines=false

Environment Variables:
PATH=C:\WINDOWS\system32;C:\WINDOWS;C:\WINDOWS\System32\Wbem;C:\WINDOWS\System32\WindowsPowerShell\v1.0\;C:\WINDOWS\System32\OpenSSH\;C:\Users\Admin\AppData\Local\Microsoft\WindowsApps;C:\Users\Admin\AppData\Local\GitHubDesktop\bin
USERNAME=Admin
OS=Windows_NT
PROCESSOR_IDENTIFIER=Intel64 Family 6 Model 142 Stepping 12, GenuineIntel
TMP=C:\Users\Admin\AppData\Local\Temp
TEMP=C:\Users\Admin\AppData\Local\Temp




Periodic native trim disabled

---------------  S Y S T E M  ---------------

OS:
 Windows 11 , 64 bit Build 26100 (10.0.26100.7309)
OS uptime: 1 days 22:19 hours
Hyper-V role detected

CPU: total 8 (initial active 8) (4 cores per cpu, 2 threads per core) family 6 model 142 stepping 12 microcode 0xde, cx8, cmov, fxsr, ht, mmx, 3dnowpref, sse, sse2, sse3, ssse3, sse4.1, sse4.2, popcnt, lzcnt, tsc, tscinvbit, avx, avx2, aes, erms, clmul, bmi1, bmi2, adx, fma, vzeroupper, clflush, clflushopt, hv, rdtscp, f16c
Processor Information for all 8 processors :
  Max Mhz: 1896, Current Mhz: 1596, Mhz Limit: 1592

Memory: 4k page, system-wide physical 24291M (13841M free)
TotalPageFile size 25827M (AvailPageFile size 13798M)
current process WorkingSet (physical memory assigned to process): 130M, peak: 142M
current process commit charge ("private bytes"): 170M, peak: 527M

vm_info: OpenJDK 64-Bit Server VM (21.0.4+7-LTS) for windows-amd64 JRE (21.0.4+7-LTS), built on 2024-07-16T00:00:00Z by "admin" with MS VC++ 17.7 (VS2022)

END.
